Using pre-set license
Built from '2021.3/staging' branch; Version is '2021.3.2f1 (d6360bedb9a0) revision 14038539'; Using compiler version '192829333'; Build Type 'Release'
OS: 'Windows 10  (10.0.19044) 64bit Education' Language: 'ja' Physical Memory: 16304 MB
BatchMode: 1, IsHumanControllingUs: 0, StartBugReporterOnCrash: 0, Is64bit: 1, IsPro: 1

COMMAND LINE ARGUMENTS:
C:\Program Files\Unity\Hub\Editor\2021.3.2f1\Editor\Unity.exe
-adb2
-batchMode
-noUpm
-name
AssetImportWorker1
-projectPath
D:/3D28SP/2022.Unity/Unity
-logFile
Logs/AssetImportWorker1.log
-srvPort
57023
Successfully changed project path to: D:/3D28SP/2022.Unity/Unity
D:/3D28SP/2022.Unity/Unity
[UnityMemory] Configuration Parameters - Can be set up in boot.config
    "memorysetup-bucket-allocator-granularity=16"
    "memorysetup-bucket-allocator-bucket-count=8"
    "memorysetup-bucket-allocator-block-size=33554432"
    "memorysetup-bucket-allocator-block-count=8"
    "memorysetup-main-allocator-block-size=16777216"
    "memorysetup-thread-allocator-block-size=16777216"
    "memorysetup-gfx-main-allocator-block-size=16777216"
    "memorysetup-gfx-thread-allocator-block-size=16777216"
    "memorysetup-cache-allocator-block-size=4194304"
    "memorysetup-typetree-allocator-block-size=2097152"
    "memorysetup-profiler-bucket-allocator-granularity=16"
    "memorysetup-profiler-bucket-allocator-bucket-count=8"
    "memorysetup-profiler-bucket-allocator-block-size=33554432"
    "memorysetup-profiler-bucket-allocator-block-count=8"
    "memorysetup-profiler-allocator-block-size=16777216"
    "memorysetup-profiler-editor-allocator-block-size=1048576"
    "memorysetup-temp-allocator-size-main=16777216"
    "memorysetup-job-temp-allocator-block-size=2097152"
    "memorysetup-job-temp-allocator-block-size-background=1048576"
    "memorysetup-job-temp-allocator-reduction-small-platforms=262144"
    "memorysetup-temp-allocator-size-background-worker=32768"
    "memorysetup-temp-allocator-size-job-worker=262144"
    "memorysetup-temp-allocator-size-preload-manager=33554432"
    "memorysetup-temp-allocator-size-nav-mesh-worker=65536"
    "memorysetup-temp-allocator-size-audio-worker=65536"
    "memorysetup-temp-allocator-size-cloud-worker=32768"
    "memorysetup-temp-allocator-size-gi-baking-worker=262144"
    "memorysetup-temp-allocator-size-gfx=262144"
Refreshing native plugins compatible for Editor in 116.35 ms, found 4 plugins.
Preloading 0 native plugins for Editor in 0.00 ms.
Initialize engine version: 2021.3.2f1 (d6360bedb9a0)
[Subsystems] Discovering subsystems at path C:/Program Files/Unity/Hub/Editor/2021.3.2f1/Editor/Data/Resources/UnitySubsystems
[Subsystems] Discovering subsystems at path D:/3D28SP/2022.Unity/Unity/Assets
GfxDevice: creating device client; threaded=0; jobified=0
Direct3D:
    Version:  Direct3D 11.0 [level 11.0]
    Renderer: NVIDIA Quadro K620 (ID=0x13bb)
    Vendor:   NVIDIA
    VRAM:     2007 MB
    Driver:   30.0.15.1165
Initialize mono
Mono path[0] = 'C:/Program Files/Unity/Hub/Editor/2021.3.2f1/Editor/Data/Managed'
Mono path[1] = 'C:/Program Files/Unity/Hub/Editor/2021.3.2f1/Editor/Data/MonoBleedingEdge/lib/mono/unityjit-win32'
Mono config path = 'C:/Program Files/Unity/Hub/Editor/2021.3.2f1/Editor/Data/MonoBleedingEdge/etc'
Using monoOptions --debugger-agent=transport=dt_socket,embedding=1,server=y,suspend=n,address=127.0.0.1:56496
Begin MonoManager ReloadAssembly
Registering precompiled unity dll's ...
Register platform support module: C:/Program Files/Unity/Hub/Editor/2021.3.2f1/Editor/Data/PlaybackEngines/WindowsStandaloneSupport/UnityEditor.WindowsStandalone.Extensions.dll
Registered in 0.011739 seconds.
Native extension for WindowsStandalone target not found
Refreshing native plugins compatible for Editor in 98.67 ms, found 4 plugins.
Preloading 0 native plugins for Editor in 0.00 ms.
Mono: successfully reloaded assembly
- Completed reload, in  0.789 seconds
Domain Reload Profiling:
	ReloadAssembly (789ms)
		BeginReloadAssembly (92ms)
			ExecutionOrderSort (0ms)
			DisableScriptedObjects (0ms)
			BackupInstance (0ms)
			ReleaseScriptingObjects (0ms)
			CreateAndSetChildDomain (1ms)
		EndReloadAssembly (542ms)
			LoadAssemblies (87ms)
			RebuildTransferFunctionScriptingTraits (0ms)
			SetupTypeCache (128ms)
			ReleaseScriptCaches (0ms)
			RebuildScriptCaches (32ms)
			SetupLoadedEditorAssemblies (312ms)
				LogAssemblyErrors (0ms)
				InitializePlatformSupportModulesInManaged (9ms)
				SetLoadedEditorAssemblies (1ms)
				RefreshPlugins (99ms)
				BeforeProcessingInitializeOnLoad (1ms)
				ProcessInitializeOnLoadAttributes (150ms)
				ProcessInitializeOnLoadMethodAttributes (52ms)
				AfterProcessingInitializeOnLoad (0ms)
				EditorAssembliesLoaded (0ms)
			ExecutionOrderSort2 (0ms)
			AwakeInstancesAfterBackupRestoration (0ms)
Platform modules already initialized, skipping
Registering precompiled user dll's ...
Registered in 0.006871 seconds.
Begin MonoManager ReloadAssembly
Symbol file LoadedFromMemory doesn't match image D:\3D28SP\2022.Unity\Unity\Library\PackageCache\com.unity.visualscripting@1.7.6\Editor\VisualScripting.Core\Dependencies\YamlDotNet\Unity.VisualScripting.YamlDotNet.dll
Symbol file LoadedFromMemory doesn't match image D:\3D28SP\2022.Unity\Unity\Library\PackageCache\com.unity.visualscripting@1.7.6\Editor\VisualScripting.Core\Dependencies\DotNetZip\Unity.VisualScripting.IonicZip.dll
Native extension for WindowsStandalone target not found
Refreshing native plugins compatible for Editor in 105.75 ms, found 4 plugins.
Preloading 0 native plugins for Editor in 0.00 ms.
Mono: successfully reloaded assembly
- Completed reload, in  1.435 seconds
Domain Reload Profiling:
	ReloadAssembly (1436ms)
		BeginReloadAssembly (137ms)
			ExecutionOrderSort (0ms)
			DisableScriptedObjects (7ms)
			BackupInstance (0ms)
			ReleaseScriptingObjects (0ms)
			CreateAndSetChildDomain (22ms)
		EndReloadAssembly (1152ms)
			LoadAssemblies (103ms)
			RebuildTransferFunctionScriptingTraits (0ms)
			SetupTypeCache (328ms)
			ReleaseScriptCaches (1ms)
			RebuildScriptCaches (74ms)
			SetupLoadedEditorAssemblies (595ms)
				LogAssemblyErrors (0ms)
				InitializePlatformSupportModulesInManaged (6ms)
				SetLoadedEditorAssemblies (0ms)
				RefreshPlugins (106ms)
				BeforeProcessingInitializeOnLoad (131ms)
				ProcessInitializeOnLoadAttributes (290ms)
				ProcessInitializeOnLoadMethodAttributes (47ms)
				AfterProcessingInitializeOnLoad (14ms)
				EditorAssembliesLoaded (0ms)
			ExecutionOrderSort2 (0ms)
			AwakeInstancesAfterBackupRestoration (7ms)
Platform modules already initialized, skipping
========================================================================
Worker process is ready to serve import requests
Launched and connected shader compiler UnityShaderCompiler.exe after 0.12 seconds
Refreshing native plugins compatible for Editor in 1.21 ms, found 4 plugins.
Preloading 0 native plugins for Editor in 0.00 ms.
Unloading 4082 Unused Serialized files (Serialized files now loaded: 0)
Unloading 37 unused Assets / (56.0 KB). Loaded Objects now: 4538.
Memory consumption went from 156.4 MB to 156.3 MB.
Total: 6.953700 ms (FindLiveObjects: 0.531200 ms CreateObjectMapping: 0.427200 ms MarkObjects: 5.878200 ms  DeleteObjects: 0.115400 ms)

AssetImportParameters requested are different than current active one (requested -> active):
  custom:video-decoder-ogg-theora: a1e56fd34408186e4bbccfd4996cb3dc -> 
  custom:container-muxer-webm: aa71ff27fc2769a1b78a27578f13a17b -> 
  custom:container-demuxer-webm: 4f35f7cbe854078d1ac9338744f61a02 -> 
  custom:video-encoder-webm-vp8: eb34c28f22e8b96e1ab97ce403110664 -> 
  custom:audio-encoder-webm-vorbis: bf7c407c2cedff20999df2af8eb42d56 -> 
  custom:framework-win-MediaFoundation: 216162199b28c13a410421893ffa2e32 -> 
  custom:container-demuxer-ogg: 62fdf1f143b41e24485cea50d1cbac27 -> 
  custom:video-decoder-webm-vp8: 9c59270c3fd7afecdb556c50c9e8de78 -> 
  custom:audio-decoder-ogg-vorbis: bf7c407c2cedff20999df2af8eb42d56 -> 
========================================================================
Received Import Request.
  Time since last request: 14820.065645 seconds.
  path: Assets/Scenes/GameOver.unity
  artifactKey: Guid(03b08a8b737df0e4c902fbf5e781d470) Importer(815301076,1909f56bfc062723c751e8b465ee728b)
Start importing Assets/Scenes/GameOver.unity using Guid(03b08a8b737df0e4c902fbf5e781d470) Importer(815301076,1909f56bfc062723c751e8b465ee728b)  -> (artifact id: 'be03edd482cb0e69aea8e912bfdc8e3b') in 0.011253 seconds 
========================================================================
Received Prepare
Registering precompiled user dll's ...
Registered in 0.006056 seconds.
Begin MonoManager ReloadAssembly
Symbol file LoadedFromMemory doesn't match image D:\3D28SP\2022.Unity\Unity\Library\PackageCache\com.unity.visualscripting@1.7.6\Editor\VisualScripting.Core\Dependencies\YamlDotNet\Unity.VisualScripting.YamlDotNet.dll
Symbol file LoadedFromMemory doesn't match image D:\3D28SP\2022.Unity\Unity\Library\PackageCache\com.unity.visualscripting@1.7.6\Editor\VisualScripting.Core\Dependencies\DotNetZip\Unity.VisualScripting.IonicZip.dll
Native extension for WindowsStandalone target not found
Refreshing native plugins compatible for Editor in 0.74 ms, found 4 plugins.
Preloading 0 native plugins for Editor in 0.00 ms.
Mono: successfully reloaded assembly
- Completed reload, in  1.233 seconds
Domain Reload Profiling:
	ReloadAssembly (1234ms)
		BeginReloadAssembly (159ms)
			ExecutionOrderSort (0ms)
			DisableScriptedObjects (9ms)
			BackupInstance (0ms)
			ReleaseScriptingObjects (0ms)
			CreateAndSetChildDomain (45ms)
		EndReloadAssembly (949ms)
			LoadAssemblies (104ms)
			RebuildTransferFunctionScriptingTraits (0ms)
			SetupTypeCache (287ms)
			ReleaseScriptCaches (1ms)
			RebuildScriptCaches (63ms)
			SetupLoadedEditorAssemblies (429ms)
				LogAssemblyErrors (0ms)
				InitializePlatformSupportModulesInManaged (19ms)
				SetLoadedEditorAssemblies (1ms)
				RefreshPlugins (1ms)
				BeforeProcessingInitializeOnLoad (102ms)
				ProcessInitializeOnLoadAttributes (249ms)
				ProcessInitializeOnLoadMethodAttributes (43ms)
				AfterProcessingInitializeOnLoad (15ms)
				EditorAssembliesLoaded (0ms)
			ExecutionOrderSort2 (0ms)
			AwakeInstancesAfterBackupRestoration (10ms)
Platform modules already initialized, skipping
Refreshing native plugins compatible for Editor in 2.25 ms, found 4 plugins.
Preloading 0 native plugins for Editor in 0.00 ms.
Unloading 4068 Unused Serialized files (Serialized files now loaded: 0)
Unloading 24 unused Assets / (24.6 KB). Loaded Objects now: 4541.
Memory consumption went from 155.5 MB to 155.5 MB.
Total: 4.623400 ms (FindLiveObjects: 0.327400 ms CreateObjectMapping: 0.269100 ms MarkObjects: 3.981800 ms  DeleteObjects: 0.043900 ms)

AssetImportParameters requested are different than current active one (requested -> active):
  custom:video-decoder-ogg-theora: a1e56fd34408186e4bbccfd4996cb3dc -> 
  custom:container-muxer-webm: aa71ff27fc2769a1b78a27578f13a17b -> 
  custom:container-demuxer-webm: 4f35f7cbe854078d1ac9338744f61a02 -> 
  custom:video-encoder-webm-vp8: eb34c28f22e8b96e1ab97ce403110664 -> 
  custom:audio-encoder-webm-vorbis: bf7c407c2cedff20999df2af8eb42d56 -> 
  custom:framework-win-MediaFoundation: 216162199b28c13a410421893ffa2e32 -> 
  custom:container-demuxer-ogg: 62fdf1f143b41e24485cea50d1cbac27 -> 
  custom:video-decoder-webm-vp8: 9c59270c3fd7afecdb556c50c9e8de78 -> 
  custom:audio-decoder-ogg-vorbis: bf7c407c2cedff20999df2af8eb42d56 -> 
========================================================================
Received Import Request.
  Time since last request: 2088.610981 seconds.
  path: Assets/Sprites/door.jpeg
  artifactKey: Guid(8528d00c38713ad4f9041ae4c83815b3) Importer(815301076,1909f56bfc062723c751e8b465ee728b)
Start importing Assets/Sprites/door.jpeg using Guid(8528d00c38713ad4f9041ae4c83815b3) Importer(815301076,1909f56bfc062723c751e8b465ee728b)  -> (artifact id: '7f159e185a1d49f5563790ffdc4b7f4d') in 0.272634 seconds 
========================================================================
Received Import Request.
  Time since last request: 0.000038 seconds.
  path: Assets/Sprites/hakusi.jpeg
  artifactKey: Guid(5835487870b4f5a4488a5666c7453b77) Importer(815301076,1909f56bfc062723c751e8b465ee728b)
Start importing Assets/Sprites/hakusi.jpeg using Guid(5835487870b4f5a4488a5666c7453b77) Importer(815301076,1909f56bfc062723c751e8b465ee728b)  -> (artifact id: 'd9ce75fb89fa8e1729f5d12d66085a1b') in 0.030060 seconds 
========================================================================
Received Import Request.
  Time since last request: 0.000043 seconds.
  path: Assets/Sprites/Tile Set.png
  artifactKey: Guid(8b7019f038935344fb9b5311ddb60fe2) Importer(815301076,1909f56bfc062723c751e8b465ee728b)
Start importing Assets/Sprites/Tile Set.png using Guid(8b7019f038935344fb9b5311ddb60fe2) Importer(815301076,1909f56bfc062723c751e8b465ee728b)  -> (artifact id: 'df1d0b93c76142496882636e0e5df67c') in 0.182814 seconds 
========================================================================
Received Import Request.
  Time since last request: 0.000032 seconds.
  path: Assets/Sprites/Wall.prefab
  artifactKey: Guid(9a4fe64ffd9a69644b0c6cfeefa2b984) Importer(815301076,1909f56bfc062723c751e8b465ee728b)
Start importing Assets/Sprites/Wall.prefab using Guid(9a4fe64ffd9a69644b0c6cfeefa2b984) Importer(815301076,1909f56bfc062723c751e8b465ee728b)  -> (artifact id: 'b83e4b0d2d4d2de8867928a398333707') in 0.108291 seconds 
========================================================================
Received Import Request.
  Time since last request: 0.000032 seconds.
  path: Assets/Sprites/Floor.png
  artifactKey: Guid(0e2238d091591b34c9fc62736a381696) Importer(815301076,1909f56bfc062723c751e8b465ee728b)
Start importing Assets/Sprites/Floor.png using Guid(0e2238d091591b34c9fc62736a381696) Importer(815301076,1909f56bfc062723c751e8b465ee728b)  -> (artifact id: 'ecd52277ef41cf1281f99e0e4c566ecd') in 0.230695 seconds 
========================================================================
Received Import Request.
  Time since last request: 0.000042 seconds.
  path: Assets/Sprites/hakusi.asset
  artifactKey: Guid(933a5ae95349b42438136ba4832145cd) Importer(815301076,1909f56bfc062723c751e8b465ee728b)
Start importing Assets/Sprites/hakusi.asset using Guid(933a5ae95349b42438136ba4832145cd) Importer(815301076,1909f56bfc062723c751e8b465ee728b)  -> (artifact id: '93c6650b3022fb1dedabc1751b1aff1c') in 0.013770 seconds 
========================================================================
Received Import Request.
  Time since last request: 0.000022 seconds.
  path: Assets/Sprites/GameOver.png
  artifactKey: Guid(ba7585fa7bbfdb24d9f88b1b2769e65c) Importer(815301076,1909f56bfc062723c751e8b465ee728b)
Start importing Assets/Sprites/GameOver.png using Guid(ba7585fa7bbfdb24d9f88b1b2769e65c) Importer(815301076,1909f56bfc062723c751e8b465ee728b)  -> (artifact id: 'e0f39a5871eb6eb731da7194f02d9d37') in 0.118007 seconds 
========================================================================
Received Import Request.
  Time since last request: 0.000037 seconds.
  path: Assets/Sprites/FloorPalette.prefab
  artifactKey: Guid(74d8a40da83531c4ba9a591f25ed135e) Importer(815301076,1909f56bfc062723c751e8b465ee728b)
Start importing Assets/Sprites/FloorPalette.prefab using Guid(74d8a40da83531c4ba9a591f25ed135e) Importer(815301076,1909f56bfc062723c751e8b465ee728b)  -> (artifact id: 'f0c07863f1ae8c4b1cb7d7522f1cd334') in 0.015134 seconds 
========================================================================
Received Import Request.
  Time since last request: 0.000037 seconds.
  path: Assets/Sprites/Wall.png
  artifactKey: Guid(86fab4ab575eb3541a4ef50dd3fb1a99) Importer(815301076,1909f56bfc062723c751e8b465ee728b)
Start importing Assets/Sprites/Wall.png using Guid(86fab4ab575eb3541a4ef50dd3fb1a99) Importer(815301076,1909f56bfc062723c751e8b465ee728b)  -> (artifact id: '0f790a181efc55c0a1568c0fb2e33ea7') in 0.158502 seconds 
========================================================================
Received Import Request.
  Time since last request: 0.000027 seconds.
  path: Assets/Sprites/front_stand.PNG
  artifactKey: Guid(7849f781d9800ff47b5d36b63f837114) Importer(815301076,1909f56bfc062723c751e8b465ee728b)
Start importing Assets/Sprites/front_stand.PNG using Guid(7849f781d9800ff47b5d36b63f837114) Importer(815301076,1909f56bfc062723c751e8b465ee728b)  -> (artifact id: '8b7f7d81c20aa34634379d8be641b6e3') in 0.296413 seconds 
========================================================================
Received Import Request.
  Time since last request: 0.000060 seconds.
  path: Assets/Sprites/Wall2.png
  artifactKey: Guid(7e37f260937f28440931219c517ef31c) Importer(815301076,1909f56bfc062723c751e8b465ee728b)
Start importing Assets/Sprites/Wall2.png using Guid(7e37f260937f28440931219c517ef31c) Importer(815301076,1909f56bfc062723c751e8b465ee728b)  -> (artifact id: '0d0bb4283c084b60efc1dd2495a7b507') in 0.175173 seconds 
========================================================================
Received Import Request.
  Time since last request: 0.000040 seconds.
  path: Assets/Sprites/Start.png
  artifactKey: Guid(cdc3b6bd472f07741b26474f2260adb1) Importer(815301076,1909f56bfc062723c751e8b465ee728b)
Start importing Assets/Sprites/Start.png using Guid(cdc3b6bd472f07741b26474f2260adb1) Importer(815301076,1909f56bfc062723c751e8b465ee728b)  -> (artifact id: '1e56b50561f13926e6285fdc60e9db43') in 0.055159 seconds 
========================================================================
Received Import Request.
  Time since last request: 0.000044 seconds.
  path: Assets/Sprites/Star.png
  artifactKey: Guid(6c17f697de78e5943ba7e6de00f941a7) Importer(815301076,1909f56bfc062723c751e8b465ee728b)
Start importing Assets/Sprites/Star.png using Guid(6c17f697de78e5943ba7e6de00f941a7) Importer(815301076,1909f56bfc062723c751e8b465ee728b)  -> (artifact id: '7c7ea7818bb3d3cca3ceb33f080ca860') in 0.265658 seconds 
========================================================================
Received Import Request.
  Time since last request: 0.000029 seconds.
  path: Assets/Sprites/Item.jpg
  artifactKey: Guid(83a5d63778b2b224bbfb1b68f572d414) Importer(815301076,1909f56bfc062723c751e8b465ee728b)
Start importing Assets/Sprites/Item.jpg using Guid(83a5d63778b2b224bbfb1b68f572d414) Importer(815301076,1909f56bfc062723c751e8b465ee728b)  -> (artifact id: '361ffdcaafa4a6cf940cd0d1f520497b') in 0.030149 seconds 
========================================================================
Received Import Request.
  Time since last request: 0.000025 seconds.
  path: Assets/Sprites/Rule.png
  artifactKey: Guid(1b08ce6391849e944b34a5d18f72ecb5) Importer(815301076,1909f56bfc062723c751e8b465ee728b)
Start importing Assets/Sprites/Rule.png using Guid(1b08ce6391849e944b34a5d18f72ecb5) Importer(815301076,1909f56bfc062723c751e8b465ee728b)  -> (artifact id: 'ddc529f311746f67b14ae7618eca578b') in 0.050135 seconds 
========================================================================
Received Import Request.
  Time since last request: 0.000028 seconds.
  path: Assets/Sprites/Map.prefab
  artifactKey: Guid(b8a9a17ec9b0c5b48bee430a858a3caf) Importer(815301076,1909f56bfc062723c751e8b465ee728b)
Start importing Assets/Sprites/Map.prefab using Guid(b8a9a17ec9b0c5b48bee430a858a3caf) Importer(815301076,1909f56bfc062723c751e8b465ee728b)  -> (artifact id: '21caffceb9fdf25c9087d87904e32661') in 0.023143 seconds 
========================================================================
Received Import Request.
  Time since last request: 14.334467 seconds.
  path: Assets/Sprites/MapSprite/Tile Set_1.asset
  artifactKey: Guid(01a6c2071acd64b469c123fe8eac76d4) Importer(815301076,1909f56bfc062723c751e8b465ee728b)
Start importing Assets/Sprites/MapSprite/Tile Set_1.asset using Guid(01a6c2071acd64b469c123fe8eac76d4) Importer(815301076,1909f56bfc062723c751e8b465ee728b)  -> (artifact id: '4a85a54d8cbacae22f9f5441f9529fc5') in 0.007671 seconds 
========================================================================
Received Import Request.
  Time since last request: 0.000027 seconds.
  path: Assets/Sprites/MapSprite/Tile Set_7.asset
  artifactKey: Guid(ab797c21138ba484389eef1b1a5ded05) Importer(815301076,1909f56bfc062723c751e8b465ee728b)
Start importing Assets/Sprites/MapSprite/Tile Set_7.asset using Guid(ab797c21138ba484389eef1b1a5ded05) Importer(815301076,1909f56bfc062723c751e8b465ee728b)  -> (artifact id: 'fb077dc87ce0fe046a9964c528289ea4') in 0.010984 seconds 
========================================================================
Received Import Request.
  Time since last request: 0.000020 seconds.
  path: Assets/Sprites/MapSprite/Tile Set_6.asset
  artifactKey: Guid(3d354d66bfeac8246bc4e94d7c771282) Importer(815301076,1909f56bfc062723c751e8b465ee728b)
Start importing Assets/Sprites/MapSprite/Tile Set_6.asset using Guid(3d354d66bfeac8246bc4e94d7c771282) Importer(815301076,1909f56bfc062723c751e8b465ee728b)  -> (artifact id: 'db915cf6acf856442d2f9b6cdfe6532d') in 0.010776 seconds 
========================================================================
Received Import Request.
  Time since last request: 0.000025 seconds.
  path: Assets/Sprites/MapSprite/Tile Set_29.asset
  artifactKey: Guid(62ebe916df21ebe4ab9de8a854e208aa) Importer(815301076,1909f56bfc062723c751e8b465ee728b)
Start importing Assets/Sprites/MapSprite/Tile Set_29.asset using Guid(62ebe916df21ebe4ab9de8a854e208aa) Importer(815301076,1909f56bfc062723c751e8b465ee728b)  -> (artifact id: '0d2c520bbc48e4f84d4459fe639877d7') in 0.009234 seconds 
========================================================================
Received Import Request.
  Time since last request: 0.000033 seconds.
  path: Assets/Sprites/MapSprite/Tile Set_18.asset
  artifactKey: Guid(03fab5e02f41c034d97b4af6f5d9f9db) Importer(815301076,1909f56bfc062723c751e8b465ee728b)
Start importing Assets/Sprites/MapSprite/Tile Set_18.asset using Guid(03fab5e02f41c034d97b4af6f5d9f9db) Importer(815301076,1909f56bfc062723c751e8b465ee728b)  -> (artifact id: '6c5d697d88883fe964bbe2da2e49179d') in 0.010987 seconds 
========================================================================
Received Import Request.
  Time since last request: 0.000028 seconds.
  path: Assets/Sprites/MapSprite/Tile Set_25.asset
  artifactKey: Guid(9aa288fde82dcd045b642fc6ab5ba558) Importer(815301076,1909f56bfc062723c751e8b465ee728b)
Start importing Assets/Sprites/MapSprite/Tile Set_25.asset using Guid(9aa288fde82dcd045b642fc6ab5ba558) Importer(815301076,1909f56bfc062723c751e8b465ee728b)  -> (artifact id: '2fde13e79230c750a3f11c82be8f611f') in 0.009100 seconds 
========================================================================
Received Import Request.
  Time since last request: 0.000055 seconds.
  path: Assets/Sprites/MapSprite/Tile Set_26.asset
  artifactKey: Guid(8a8b53549f5b3af4aa156b61fc25f02a) Importer(815301076,1909f56bfc062723c751e8b465ee728b)
Start importing Assets/Sprites/MapSprite/Tile Set_26.asset using Guid(8a8b53549f5b3af4aa156b61fc25f02a) Importer(815301076,1909f56bfc062723c751e8b465ee728b)  -> (artifact id: 'e7c39471dcc11c9285e1d66af760da92') in 0.010674 seconds 
========================================================================
Received Import Request.
  Time since last request: 0.000035 seconds.
  path: Assets/Sprites/MapSprite/Tile Set_12.asset
  artifactKey: Guid(74de842348be2bf4baf9cb85a28d96ec) Importer(815301076,1909f56bfc062723c751e8b465ee728b)
Start importing Assets/Sprites/MapSprite/Tile Set_12.asset using Guid(74de842348be2bf4baf9cb85a28d96ec) Importer(815301076,1909f56bfc062723c751e8b465ee728b)  -> (artifact id: '8eb2bc9677511c4c358f3783b1542297') in 0.009742 seconds 
========================================================================
Received Import Request.
  Time since last request: 0.000032 seconds.
  path: Assets/Sprites/MapSprite/Tile Set_22.asset
  artifactKey: Guid(1d518d938d1b8cf44abd0e3a1fe3c2df) Importer(815301076,1909f56bfc062723c751e8b465ee728b)
Start importing Assets/Sprites/MapSprite/Tile Set_22.asset using Guid(1d518d938d1b8cf44abd0e3a1fe3c2df) Importer(815301076,1909f56bfc062723c751e8b465ee728b)  -> (artifact id: '5aac6fa391bda0ce6ee933ac0bfb4703') in 0.008501 seconds 
========================================================================
Received Import Request.
  Time since last request: 0.000021 seconds.
  path: Assets/Sprites/MapSprite/Tile Set_14.asset
  artifactKey: Guid(668a9968b034f96458aded6a2cfa7868) Importer(815301076,1909f56bfc062723c751e8b465ee728b)
Start importing Assets/Sprites/MapSprite/Tile Set_14.asset using Guid(668a9968b034f96458aded6a2cfa7868) Importer(815301076,1909f56bfc062723c751e8b465ee728b)  -> (artifact id: '14f4ccbf7d776a936a0d7a77ce0cf822') in 0.011720 seconds 
========================================================================
Received Import Request.
  Time since last request: 0.000040 seconds.
  path: Assets/Sprites/MapSprite/Tile Set_4.asset
  artifactKey: Guid(0e9f25b23695d504e99742ccf9dc0b8e) Importer(815301076,1909f56bfc062723c751e8b465ee728b)
Start importing Assets/Sprites/MapSprite/Tile Set_4.asset using Guid(0e9f25b23695d504e99742ccf9dc0b8e) Importer(815301076,1909f56bfc062723c751e8b465ee728b)  -> (artifact id: '4221b5b1857e8eb8dfb250625f3927fa') in 0.007444 seconds 
========================================================================
Received Import Request.
  Time since last request: 0.000016 seconds.
  path: Assets/Sprites/MapSprite/Tile Set_17.asset
  artifactKey: Guid(82ef21fec0e3fe747841e534a33a0b88) Importer(815301076,1909f56bfc062723c751e8b465ee728b)
Start importing Assets/Sprites/MapSprite/Tile Set_17.asset using Guid(82ef21fec0e3fe747841e534a33a0b88) Importer(815301076,1909f56bfc062723c751e8b465ee728b)  -> (artifact id: '96e3159fe3edcca5301b92c10c73eeee') in 0.009655 seconds 
========================================================================
Received Import Request.
  Time since last request: 0.000017 seconds.
  path: Assets/Sprites/MapSprite/Tile Set_21.asset
  artifactKey: Guid(57593bd12dfb32946bd01199e550d807) Importer(815301076,1909f56bfc062723c751e8b465ee728b)
Start importing Assets/Sprites/MapSprite/Tile Set_21.asset using Guid(57593bd12dfb32946bd01199e550d807) Importer(815301076,1909f56bfc062723c751e8b465ee728b)  -> (artifact id: 'b7c2db49deb12e8f2920ad2bc4141704') in 0.007812 seconds 
========================================================================
Received Import Request.
  Time since last request: 0.000019 seconds.
  path: Assets/Sprites/MapSprite/Tile Set_15.asset
  artifactKey: Guid(266550350556f2042b6fe8b9757c1fd1) Importer(815301076,1909f56bfc062723c751e8b465ee728b)
Start importing Assets/Sprites/MapSprite/Tile Set_15.asset using Guid(266550350556f2042b6fe8b9757c1fd1) Importer(815301076,1909f56bfc062723c751e8b465ee728b)  -> (artifact id: 'f539f9b2d059e11b7069650d50b4bb1b') in 0.015203 seconds 
========================================================================
Received Import Request.
  Time since last request: 0.000020 seconds.
  path: Assets/Sprites/MapSprite/Tile Set_13.asset
  artifactKey: Guid(35c324f694387dd40be1ad145e9361fe) Importer(815301076,1909f56bfc062723c751e8b465ee728b)
Start importing Assets/Sprites/MapSprite/Tile Set_13.asset using Guid(35c324f694387dd40be1ad145e9361fe) Importer(815301076,1909f56bfc062723c751e8b465ee728b)  -> (artifact id: '38722ccd0975df0d558fad2e69260c83') in 0.008029 seconds 
========================================================================
Received Import Request.
  Time since last request: 0.000035 seconds.
  path: Assets/Sprites/MapSprite/Tile Set_20.asset
  artifactKey: Guid(b29687dc20d89d045a8933215f564df7) Importer(815301076,1909f56bfc062723c751e8b465ee728b)
Start importing Assets/Sprites/MapSprite/Tile Set_20.asset using Guid(b29687dc20d89d045a8933215f564df7) Importer(815301076,1909f56bfc062723c751e8b465ee728b)  -> (artifact id: 'e16ee974f2303f998384e68ee107dbd9') in 0.010503 seconds 
========================================================================
Received Prepare
Registering precompiled user dll's ...
Registered in 0.006287 seconds.
Begin MonoManager ReloadAssembly
Symbol file LoadedFromMemory doesn't match image D:\3D28SP\2022.Unity\Unity\Library\PackageCache\com.unity.visualscripting@1.7.6\Editor\VisualScripting.Core\Dependencies\YamlDotNet\Unity.VisualScripting.YamlDotNet.dll
Symbol file LoadedFromMemory doesn't match image D:\3D28SP\2022.Unity\Unity\Library\PackageCache\com.unity.visualscripting@1.7.6\Editor\VisualScripting.Core\Dependencies\DotNetZip\Unity.VisualScripting.IonicZip.dll
Native extension for WindowsStandalone target not found
Refreshing native plugins compatible for Editor in 1.40 ms, found 4 plugins.
Preloading 0 native plugins for Editor in 0.00 ms.
Mono: successfully reloaded assembly
- Completed reload, in  1.727 seconds
Domain Reload Profiling:
	ReloadAssembly (1728ms)
		BeginReloadAssembly (196ms)
			ExecutionOrderSort (0ms)
			DisableScriptedObjects (8ms)
			BackupInstance (0ms)
			ReleaseScriptingObjects (0ms)
			CreateAndSetChildDomain (71ms)
		EndReloadAssembly (1381ms)
			LoadAssemblies (120ms)
			RebuildTransferFunctionScriptingTraits (0ms)
			SetupTypeCache (444ms)
			ReleaseScriptCaches (2ms)
			RebuildScriptCaches (88ms)
			SetupLoadedEditorAssemblies (621ms)
				LogAssemblyErrors (0ms)
				InitializePlatformSupportModulesInManaged (23ms)
				SetLoadedEditorAssemblies (1ms)
				RefreshPlugins (2ms)
				BeforeProcessingInitializeOnLoad (140ms)
				ProcessInitializeOnLoadAttributes (363ms)
				ProcessInitializeOnLoadMethodAttributes (72ms)
				AfterProcessingInitializeOnLoad (20ms)
				EditorAssembliesLoaded (0ms)
			ExecutionOrderSort2 (0ms)
			AwakeInstancesAfterBackupRestoration (15ms)
Platform modules already initialized, skipping
Refreshing native plugins compatible for Editor in 5.96 ms, found 4 plugins.
Preloading 0 native plugins for Editor in 0.00 ms.
Unloading 4068 Unused Serialized files (Serialized files now loaded: 0)
Unloading 24 unused Assets / (24.8 KB). Loaded Objects now: 4615.
Memory consumption went from 160.0 MB to 160.0 MB.
Total: 5.857800 ms (FindLiveObjects: 0.470000 ms CreateObjectMapping: 0.492000 ms MarkObjects: 4.842000 ms  DeleteObjects: 0.052200 ms)

AssetImportParameters requested are different than current active one (requested -> active):
  custom:video-decoder-ogg-theora: a1e56fd34408186e4bbccfd4996cb3dc -> 
  custom:container-muxer-webm: aa71ff27fc2769a1b78a27578f13a17b -> 
  custom:container-demuxer-webm: 4f35f7cbe854078d1ac9338744f61a02 -> 
  custom:video-encoder-webm-vp8: eb34c28f22e8b96e1ab97ce403110664 -> 
  custom:audio-encoder-webm-vorbis: bf7c407c2cedff20999df2af8eb42d56 -> 
  custom:framework-win-MediaFoundation: 216162199b28c13a410421893ffa2e32 -> 
  custom:container-demuxer-ogg: 62fdf1f143b41e24485cea50d1cbac27 -> 
  custom:video-decoder-webm-vp8: 9c59270c3fd7afecdb556c50c9e8de78 -> 
  custom:audio-decoder-ogg-vorbis: bf7c407c2cedff20999df2af8eb42d56 -> 
