Using pre-set license
Built from '2021.3/staging' branch; Version is '2021.3.2f1 (d6360bedb9a0) revision 14038539'; Using compiler version '192829333'; Build Type 'Release'
OS: 'Windows 10  (10.0.19044) 64bit Education' Language: 'ja' Physical Memory: 16304 MB
BatchMode: 1, IsHumanControllingUs: 0, StartBugReporterOnCrash: 0, Is64bit: 1, IsPro: 1

COMMAND LINE ARGUMENTS:
C:\Program Files\Unity\Hub\Editor\2021.3.2f1\Editor\Unity.exe
-adb2
-batchMode
-noUpm
-name
AssetImportWorker0
-projectPath
D:/3D23SP/G313 GameProject
-logFile
Logs/AssetImportWorker0.log
-srvPort
55917
Successfully changed project path to: D:/3D23SP/G313 GameProject
D:/3D23SP/G313 GameProject
[UnityMemory] Configuration Parameters - Can be set up in boot.config
    "memorysetup-bucket-allocator-granularity=16"
    "memorysetup-bucket-allocator-bucket-count=8"
    "memorysetup-bucket-allocator-block-size=33554432"
    "memorysetup-bucket-allocator-block-count=8"
    "memorysetup-main-allocator-block-size=16777216"
    "memorysetup-thread-allocator-block-size=16777216"
    "memorysetup-gfx-main-allocator-block-size=16777216"
    "memorysetup-gfx-thread-allocator-block-size=16777216"
    "memorysetup-cache-allocator-block-size=4194304"
    "memorysetup-typetree-allocator-block-size=2097152"
    "memorysetup-profiler-bucket-allocator-granularity=16"
    "memorysetup-profiler-bucket-allocator-bucket-count=8"
    "memorysetup-profiler-bucket-allocator-block-size=33554432"
    "memorysetup-profiler-bucket-allocator-block-count=8"
    "memorysetup-profiler-allocator-block-size=16777216"
    "memorysetup-profiler-editor-allocator-block-size=1048576"
    "memorysetup-temp-allocator-size-main=16777216"
    "memorysetup-job-temp-allocator-block-size=2097152"
    "memorysetup-job-temp-allocator-block-size-background=1048576"
    "memorysetup-job-temp-allocator-reduction-small-platforms=262144"
    "memorysetup-temp-allocator-size-background-worker=32768"
    "memorysetup-temp-allocator-size-job-worker=262144"
    "memorysetup-temp-allocator-size-preload-manager=33554432"
    "memorysetup-temp-allocator-size-nav-mesh-worker=65536"
    "memorysetup-temp-allocator-size-audio-worker=65536"
    "memorysetup-temp-allocator-size-cloud-worker=32768"
    "memorysetup-temp-allocator-size-gi-baking-worker=262144"
    "memorysetup-temp-allocator-size-gfx=262144"
Refreshing native plugins compatible for Editor in 165.73 ms, found 4 plugins.
Preloading 0 native plugins for Editor in 0.00 ms.
Initialize engine version: 2021.3.2f1 (d6360bedb9a0)
[Subsystems] Discovering subsystems at path C:/Program Files/Unity/Hub/Editor/2021.3.2f1/Editor/Data/Resources/UnitySubsystems
[Subsystems] Discovering subsystems at path D:/3D23SP/G313 GameProject/Assets
GfxDevice: creating device client; threaded=0; jobified=0
Direct3D:
    Version:  Direct3D 11.0 [level 11.0]
    Renderer: NVIDIA Quadro K620 (ID=0x13bb)
    Vendor:   NVIDIA
    VRAM:     2007 MB
    Driver:   30.0.15.1165
Initialize mono
Mono path[0] = 'C:/Program Files/Unity/Hub/Editor/2021.3.2f1/Editor/Data/Managed'
Mono path[1] = 'C:/Program Files/Unity/Hub/Editor/2021.3.2f1/Editor/Data/MonoBleedingEdge/lib/mono/unityjit-win32'
Mono config path = 'C:/Program Files/Unity/Hub/Editor/2021.3.2f1/Editor/Data/MonoBleedingEdge/etc'
Using monoOptions --debugger-agent=transport=dt_socket,embedding=1,server=y,suspend=n,address=127.0.0.1:56500
Begin MonoManager ReloadAssembly
Registering precompiled unity dll's ...
Register platform support module: C:/Program Files/Unity/Hub/Editor/2021.3.2f1/Editor/Data/PlaybackEngines/WindowsStandaloneSupport/UnityEditor.WindowsStandalone.Extensions.dll
Registered in 0.011606 seconds.
Native extension for WindowsStandalone target not found
Refreshing native plugins compatible for Editor in 150.97 ms, found 4 plugins.
Preloading 0 native plugins for Editor in 0.00 ms.
Mono: successfully reloaded assembly
- Completed reload, in  1.047 seconds
Domain Reload Profiling:
	ReloadAssembly (1048ms)
		BeginReloadAssembly (126ms)
			ExecutionOrderSort (0ms)
			DisableScriptedObjects (0ms)
			BackupInstance (0ms)
			ReleaseScriptingObjects (0ms)
			CreateAndSetChildDomain (1ms)
		EndReloadAssembly (733ms)
			LoadAssemblies (122ms)
			RebuildTransferFunctionScriptingTraits (0ms)
			SetupTypeCache (175ms)
			ReleaseScriptCaches (0ms)
			RebuildScriptCaches (44ms)
			SetupLoadedEditorAssemblies (436ms)
				LogAssemblyErrors (0ms)
				InitializePlatformSupportModulesInManaged (12ms)
				SetLoadedEditorAssemblies (0ms)
				RefreshPlugins (151ms)
				BeforeProcessingInitializeOnLoad (2ms)
				ProcessInitializeOnLoadAttributes (200ms)
				ProcessInitializeOnLoadMethodAttributes (71ms)
				AfterProcessingInitializeOnLoad (0ms)
				EditorAssembliesLoaded (0ms)
			ExecutionOrderSort2 (0ms)
			AwakeInstancesAfterBackupRestoration (0ms)
Platform modules already initialized, skipping
Registering precompiled user dll's ...
Registered in 0.009591 seconds.
Begin MonoManager ReloadAssembly
Symbol file LoadedFromMemory doesn't match image D:\3D23SP\G313 GameProject\Library\PackageCache\com.unity.visualscripting@1.7.6\Editor\VisualScripting.Core\Dependencies\YamlDotNet\Unity.VisualScripting.YamlDotNet.dll
Symbol file LoadedFromMemory doesn't match image D:\3D23SP\G313 GameProject\Library\PackageCache\com.unity.visualscripting@1.7.6\Editor\VisualScripting.Core\Dependencies\DotNetZip\Unity.VisualScripting.IonicZip.dll
Native extension for WindowsStandalone target not found
Refreshing native plugins compatible for Editor in 108.67 ms, found 4 plugins.
Preloading 0 native plugins for Editor in 0.00 ms.
Mono: successfully reloaded assembly
- Completed reload, in  1.611 seconds
Domain Reload Profiling:
	ReloadAssembly (1613ms)
		BeginReloadAssembly (174ms)
			ExecutionOrderSort (0ms)
			DisableScriptedObjects (9ms)
			BackupInstance (0ms)
			ReleaseScriptingObjects (0ms)
			CreateAndSetChildDomain (28ms)
		EndReloadAssembly (1254ms)
			LoadAssemblies (133ms)
			RebuildTransferFunctionScriptingTraits (0ms)
			SetupTypeCache (404ms)
			ReleaseScriptCaches (1ms)
			RebuildScriptCaches (87ms)
			SetupLoadedEditorAssemblies (575ms)
				LogAssemblyErrors (0ms)
				InitializePlatformSupportModulesInManaged (5ms)
				SetLoadedEditorAssemblies (0ms)
				RefreshPlugins (109ms)
				BeforeProcessingInitializeOnLoad (122ms)
				ProcessInitializeOnLoadAttributes (269ms)
				ProcessInitializeOnLoadMethodAttributes (57ms)
				AfterProcessingInitializeOnLoad (13ms)
				EditorAssembliesLoaded (0ms)
			ExecutionOrderSort2 (0ms)
			AwakeInstancesAfterBackupRestoration (10ms)
Platform modules already initialized, skipping
========================================================================
Worker process is ready to serve import requests
Launched and connected shader compiler UnityShaderCompiler.exe after 0.07 seconds
Refreshing native plugins compatible for Editor in 0.89 ms, found 4 plugins.
Preloading 0 native plugins for Editor in 0.00 ms.
Unloading 4083 Unused Serialized files (Serialized files now loaded: 0)
Unloading 38 unused Assets / (83.2 KB). Loaded Objects now: 4539.
Memory consumption went from 156.6 MB to 156.5 MB.
Total: 4.454500 ms (FindLiveObjects: 0.450500 ms CreateObjectMapping: 0.374700 ms MarkObjects: 3.522600 ms  DeleteObjects: 0.105200 ms)

AssetImportParameters requested are different than current active one (requested -> active):
  custom:video-decoder-ogg-theora: a1e56fd34408186e4bbccfd4996cb3dc -> 
  custom:container-muxer-webm: aa71ff27fc2769a1b78a27578f13a17b -> 
  custom:container-demuxer-webm: 4f35f7cbe854078d1ac9338744f61a02 -> 
  custom:video-encoder-webm-vp8: eb34c28f22e8b96e1ab97ce403110664 -> 
  custom:audio-encoder-webm-vorbis: bf7c407c2cedff20999df2af8eb42d56 -> 
  custom:framework-win-MediaFoundation: 216162199b28c13a410421893ffa2e32 -> 
  custom:container-demuxer-ogg: 62fdf1f143b41e24485cea50d1cbac27 -> 
  custom:video-decoder-webm-vp8: 9c59270c3fd7afecdb556c50c9e8de78 -> 
  custom:audio-decoder-ogg-vorbis: bf7c407c2cedff20999df2af8eb42d56 -> 
========================================================================
Received Import Request.
  Time since last request: 1728.980678 seconds.
  path: Assets/Scenes/HallRight.unity
  artifactKey: Guid(97932b69790f068458bcf3c63879c6fc) Importer(815301076,1909f56bfc062723c751e8b465ee728b)
Start importing Assets/Scenes/HallRight.unity using Guid(97932b69790f068458bcf3c63879c6fc) Importer(815301076,1909f56bfc062723c751e8b465ee728b)  -> (artifact id: '0a5240819fa40dc6bcd0d9c27355a03c') in 0.007093 seconds 
========================================================================
Received Import Request.
  Time since last request: 161.617038 seconds.
  path: Assets/Scenes/GameScene.unity
  artifactKey: Guid(ff42eda7d17b16c41b2eddecbfdb5868) Importer(815301076,1909f56bfc062723c751e8b465ee728b)
Start importing Assets/Scenes/GameScene.unity using Guid(ff42eda7d17b16c41b2eddecbfdb5868) Importer(815301076,1909f56bfc062723c751e8b465ee728b)  -> (artifact id: '859a4214cf1624dd0301035ac90c6801') in 0.002282 seconds 
========================================================================
Received Prepare
Registering precompiled user dll's ...
Registered in 0.008142 seconds.
Begin MonoManager ReloadAssembly
Symbol file LoadedFromMemory doesn't match image D:\3D23SP\G313 GameProject\Library\PackageCache\com.unity.visualscripting@1.7.6\Editor\VisualScripting.Core\Dependencies\YamlDotNet\Unity.VisualScripting.YamlDotNet.dll
Symbol file LoadedFromMemory doesn't match image D:\3D23SP\G313 GameProject\Library\PackageCache\com.unity.visualscripting@1.7.6\Editor\VisualScripting.Core\Dependencies\DotNetZip\Unity.VisualScripting.IonicZip.dll
Native extension for WindowsStandalone target not found
Refreshing native plugins compatible for Editor in 1.44 ms, found 4 plugins.
Preloading 0 native plugins for Editor in 0.00 ms.
Mono: successfully reloaded assembly
- Completed reload, in  4.226 seconds
Domain Reload Profiling:
	ReloadAssembly (4227ms)
		BeginReloadAssembly (152ms)
			ExecutionOrderSort (0ms)
			DisableScriptedObjects (11ms)
			BackupInstance (0ms)
			ReleaseScriptingObjects (0ms)
			CreateAndSetChildDomain (40ms)
		EndReloadAssembly (1182ms)
			LoadAssemblies (104ms)
			RebuildTransferFunctionScriptingTraits (0ms)
			SetupTypeCache (323ms)
			ReleaseScriptCaches (2ms)
			RebuildScriptCaches (85ms)
			SetupLoadedEditorAssemblies (575ms)
				LogAssemblyErrors (0ms)
				InitializePlatformSupportModulesInManaged (21ms)
				SetLoadedEditorAssemblies (1ms)
				RefreshPlugins (2ms)
				BeforeProcessingInitializeOnLoad (123ms)
				ProcessInitializeOnLoadAttributes (344ms)
				ProcessInitializeOnLoadMethodAttributes (68ms)
				AfterProcessingInitializeOnLoad (16ms)
				EditorAssembliesLoaded (0ms)
			ExecutionOrderSort2 (0ms)
			AwakeInstancesAfterBackupRestoration (15ms)
Platform modules already initialized, skipping
Refreshing native plugins compatible for Editor in 3.78 ms, found 4 plugins.
Preloading 0 native plugins for Editor in 0.00 ms.
Unloading 4070 Unused Serialized files (Serialized files now loaded: 0)
Unloading 25 unused Assets / (50.0 KB). Loaded Objects now: 4542.
Memory consumption went from 155.8 MB to 155.8 MB.
Total: 5.519200 ms (FindLiveObjects: 0.595700 ms CreateObjectMapping: 0.622500 ms MarkObjects: 4.165300 ms  DeleteObjects: 0.133900 ms)

AssetImportParameters requested are different than current active one (requested -> active):
  custom:video-decoder-ogg-theora: a1e56fd34408186e4bbccfd4996cb3dc -> 
  custom:container-muxer-webm: aa71ff27fc2769a1b78a27578f13a17b -> 
  custom:container-demuxer-webm: 4f35f7cbe854078d1ac9338744f61a02 -> 
  custom:video-encoder-webm-vp8: eb34c28f22e8b96e1ab97ce403110664 -> 
  custom:audio-encoder-webm-vorbis: bf7c407c2cedff20999df2af8eb42d56 -> 
  custom:framework-win-MediaFoundation: 216162199b28c13a410421893ffa2e32 -> 
  custom:container-demuxer-ogg: 62fdf1f143b41e24485cea50d1cbac27 -> 
  custom:video-decoder-webm-vp8: 9c59270c3fd7afecdb556c50c9e8de78 -> 
  custom:audio-decoder-ogg-vorbis: bf7c407c2cedff20999df2af8eb42d56 -> 
========================================================================
Received Prepare
Registering precompiled user dll's ...
Registered in 0.008110 seconds.
Begin MonoManager ReloadAssembly
Symbol file LoadedFromMemory doesn't match image D:\3D23SP\G313 GameProject\Library\PackageCache\com.unity.visualscripting@1.7.6\Editor\VisualScripting.Core\Dependencies\YamlDotNet\Unity.VisualScripting.YamlDotNet.dll
Symbol file LoadedFromMemory doesn't match image D:\3D23SP\G313 GameProject\Library\PackageCache\com.unity.visualscripting@1.7.6\Editor\VisualScripting.Core\Dependencies\DotNetZip\Unity.VisualScripting.IonicZip.dll
Native extension for WindowsStandalone target not found
Refreshing native plugins compatible for Editor in 0.92 ms, found 4 plugins.
Preloading 0 native plugins for Editor in 0.00 ms.
Mono: successfully reloaded assembly
- Completed reload, in  4.043 seconds
Domain Reload Profiling:
	ReloadAssembly (4044ms)
		BeginReloadAssembly (179ms)
			ExecutionOrderSort (0ms)
			DisableScriptedObjects (7ms)
			BackupInstance (0ms)
			ReleaseScriptingObjects (0ms)
			CreateAndSetChildDomain (54ms)
		EndReloadAssembly (3710ms)
			LoadAssemblies (121ms)
			RebuildTransferFunctionScriptingTraits (0ms)
			SetupTypeCache (354ms)
			ReleaseScriptCaches (1ms)
			RebuildScriptCaches (55ms)
			SetupLoadedEditorAssemblies (3114ms)
				LogAssemblyErrors (0ms)
				InitializePlatformSupportModulesInManaged (14ms)
				SetLoadedEditorAssemblies (1ms)
				RefreshPlugins (1ms)
				BeforeProcessingInitializeOnLoad (2758ms)
				ProcessInitializeOnLoadAttributes (284ms)
				ProcessInitializeOnLoadMethodAttributes (46ms)
				AfterProcessingInitializeOnLoad (10ms)
				EditorAssembliesLoaded (0ms)
			ExecutionOrderSort2 (0ms)
			AwakeInstancesAfterBackupRestoration (10ms)
Platform modules already initialized, skipping
Refreshing native plugins compatible for Editor in 3.80 ms, found 4 plugins.
Preloading 0 native plugins for Editor in 0.00 ms.
Unloading 4070 Unused Serialized files (Serialized files now loaded: 0)
Unloading 25 unused Assets / (50.9 KB). Loaded Objects now: 4545.
Memory consumption went from 155.8 MB to 155.8 MB.
Total: 4.513400 ms (FindLiveObjects: 0.346100 ms CreateObjectMapping: 0.270300 ms MarkObjects: 3.802300 ms  DeleteObjects: 0.093600 ms)

AssetImportParameters requested are different than current active one (requested -> active):
  custom:video-decoder-ogg-theora: a1e56fd34408186e4bbccfd4996cb3dc -> 
  custom:container-muxer-webm: aa71ff27fc2769a1b78a27578f13a17b -> 
  custom:container-demuxer-webm: 4f35f7cbe854078d1ac9338744f61a02 -> 
  custom:video-encoder-webm-vp8: eb34c28f22e8b96e1ab97ce403110664 -> 
  custom:audio-encoder-webm-vorbis: bf7c407c2cedff20999df2af8eb42d56 -> 
  custom:framework-win-MediaFoundation: 216162199b28c13a410421893ffa2e32 -> 
  custom:container-demuxer-ogg: 62fdf1f143b41e24485cea50d1cbac27 -> 
  custom:video-decoder-webm-vp8: 9c59270c3fd7afecdb556c50c9e8de78 -> 
  custom:audio-decoder-ogg-vorbis: bf7c407c2cedff20999df2af8eb42d56 -> 
========================================================================
Received Import Request.
  Time since last request: 1537.682882 seconds.
  path: Assets/Scenes/Library.unity
  artifactKey: Guid(2e2325d1406e50249a033d2b12b5dc66) Importer(815301076,1909f56bfc062723c751e8b465ee728b)
Start importing Assets/Scenes/Library.unity using Guid(2e2325d1406e50249a033d2b12b5dc66) Importer(815301076,1909f56bfc062723c751e8b465ee728b)  -> (artifact id: '05fd04cee74807b83db976b9b48c2678') in 0.013284 seconds 
========================================================================
Received Import Request.
  Time since last request: 71.842834 seconds.
  path: Assets/Scenes/LobbyScene.unity
  artifactKey: Guid(7502510b638365043ba0c149f09968f0) Importer(815301076,1909f56bfc062723c751e8b465ee728b)
Start importing Assets/Scenes/LobbyScene.unity using Guid(7502510b638365043ba0c149f09968f0) Importer(815301076,1909f56bfc062723c751e8b465ee728b)  -> (artifact id: 'e947eccc671285e9da1d242925189faa') in 0.002174 seconds 
========================================================================
Received Import Request.
  Time since last request: 3.796314 seconds.
  path: Assets/Scenes/Loading.unity
  artifactKey: Guid(54719ca062c23084790962ba05086120) Importer(815301076,1909f56bfc062723c751e8b465ee728b)
Start importing Assets/Scenes/Loading.unity using Guid(54719ca062c23084790962ba05086120) Importer(815301076,1909f56bfc062723c751e8b465ee728b)  -> (artifact id: 'f21dc2eb3d9c4461f0d0d94c6ca2b4f3') in 0.001463 seconds 
========================================================================
Received Import Request.
  Time since last request: 0.446433 seconds.
  path: Assets/Scenes/HallRight.unity
  artifactKey: Guid(97932b69790f068458bcf3c63879c6fc) Importer(815301076,1909f56bfc062723c751e8b465ee728b)
Start importing Assets/Scenes/HallRight.unity using Guid(97932b69790f068458bcf3c63879c6fc) Importer(815301076,1909f56bfc062723c751e8b465ee728b)  -> (artifact id: '5e876376bb066029ba605f6a3960ba69') in 0.001223 seconds 
========================================================================
Received Import Request.
  Time since last request: 0.421527 seconds.
  path: Assets/Scenes/StartScene.unity
  artifactKey: Guid(0be9d07456e4d8049b8f2d0f8b3b6677) Importer(815301076,1909f56bfc062723c751e8b465ee728b)
Start importing Assets/Scenes/StartScene.unity using Guid(0be9d07456e4d8049b8f2d0f8b3b6677) Importer(815301076,1909f56bfc062723c751e8b465ee728b)  -> (artifact id: '65009f1e45e3f6312e925fba28ce72ec') in 0.001545 seconds 
========================================================================
Received Import Request.
  Time since last request: 3.839059 seconds.
  path: Assets/Scenes/GameScene.unity
  artifactKey: Guid(ff42eda7d17b16c41b2eddecbfdb5868) Importer(815301076,1909f56bfc062723c751e8b465ee728b)
Start importing Assets/Scenes/GameScene.unity using Guid(ff42eda7d17b16c41b2eddecbfdb5868) Importer(815301076,1909f56bfc062723c751e8b465ee728b)  -> (artifact id: '56a6d2d8d19ba4d1b24a29c68016d25d') in 0.001476 seconds 
========================================================================
Received Import Request.
  Time since last request: 36.521493 seconds.
  path: Assets/Scenes/Library.unity
  artifactKey: Guid(2e2325d1406e50249a033d2b12b5dc66) Importer(815301076,1909f56bfc062723c751e8b465ee728b)
Start importing Assets/Scenes/Library.unity using Guid(2e2325d1406e50249a033d2b12b5dc66) Importer(815301076,1909f56bfc062723c751e8b465ee728b)  -> (artifact id: 'fe66647152cd9fa932545fda28fca136') in 0.001175 seconds 
========================================================================
Received Import Request.
  Time since last request: 356.776460 seconds.
  path: Assets/Scenes/HallLeft.scenetemplate
  artifactKey: Guid(9f45d939de428df4baa4d6b0d673c1d8) Importer(815301076,1909f56bfc062723c751e8b465ee728b)
Start importing Assets/Scenes/HallLeft.scenetemplate using Guid(9f45d939de428df4baa4d6b0d673c1d8) Importer(815301076,1909f56bfc062723c751e8b465ee728b)  -> (artifact id: '48887115c566b8c8cc11429a2489a91a') in 0.106380 seconds 
========================================================================
Received Import Request.
  Time since last request: 151.502206 seconds.
  path: Assets/Scenes/Toilet.png
  artifactKey: Guid(c1100d69805023f46bcd15066da49408) Importer(815301076,1909f56bfc062723c751e8b465ee728b)
Start importing Assets/Scenes/Toilet.png using Guid(c1100d69805023f46bcd15066da49408) Importer(815301076,1909f56bfc062723c751e8b465ee728b)  -> (artifact id: '0865f71add5241c2a585a61c965c54e3') in 0.143844 seconds 
========================================================================
Received Import Request.
  Time since last request: 196.646256 seconds.
  path: Assets/Scenes/Star.png
  artifactKey: Guid(3e156c9b35f3d8249b08e9bf0195d1c7) Importer(815301076,1909f56bfc062723c751e8b465ee728b)
Start importing Assets/Scenes/Star.png using Guid(3e156c9b35f3d8249b08e9bf0195d1c7) Importer(815301076,1909f56bfc062723c751e8b465ee728b)  -> (artifact id: 'e080130821ec07b1d6ee164ce718872a') in 0.084191 seconds 
========================================================================
Received Import Request.
  Time since last request: 92.327690 seconds.
  path: Assets/Sprites
  artifactKey: Guid(53e7a56c899c1fc4195e92d0eb960e3d) Importer(815301076,1909f56bfc062723c751e8b465ee728b)
Start importing Assets/Sprites using Guid(53e7a56c899c1fc4195e92d0eb960e3d) Importer(815301076,1909f56bfc062723c751e8b465ee728b)  -> (artifact id: 'd887ccd6e483403197e891414446e474') in 0.001623 seconds 
========================================================================
Received Import Request.
  Time since last request: 31.303575 seconds.
  path: Assets/Sprites/MapTip
  artifactKey: Guid(01bdca6b30d10394d808c9c32e55789e) Importer(815301076,1909f56bfc062723c751e8b465ee728b)
Start importing Assets/Sprites/MapTip using Guid(01bdca6b30d10394d808c9c32e55789e) Importer(815301076,1909f56bfc062723c751e8b465ee728b)  -> (artifact id: 'ba95edc91f7af36652f3f8faaf39e273') in 0.036585 seconds 
========================================================================
Received Import Request.
  Time since last request: 19.853396 seconds.
  path: Assets/Sprites/MapTip/door.jpeg
  artifactKey: Guid(1222adf6b066a64429bc4744f5951d4b) Importer(815301076,1909f56bfc062723c751e8b465ee728b)
Start importing Assets/Sprites/MapTip/door.jpeg using Guid(1222adf6b066a64429bc4744f5951d4b) Importer(815301076,1909f56bfc062723c751e8b465ee728b)  -> (artifact id: 'faa0497393eb0cad95d0e4a139ec7ea1') in 0.029706 seconds 
========================================================================
Received Import Request.
  Time since last request: 0.000019 seconds.
  path: Assets/Sprites/MapTip/Wall4.png
  artifactKey: Guid(b64c644a330aad24e80d17c9f0be372b) Importer(815301076,1909f56bfc062723c751e8b465ee728b)
Start importing Assets/Sprites/MapTip/Wall4.png using Guid(b64c644a330aad24e80d17c9f0be372b) Importer(815301076,1909f56bfc062723c751e8b465ee728b)  -> (artifact id: '14fd7cce3053d5a530f741fc2f5cf429') in 0.029302 seconds 
========================================================================
Received Import Request.
  Time since last request: 0.000035 seconds.
  path: Assets/Sprites/MapTip/Kitchen.png
  artifactKey: Guid(d7b1e0b9e7ae2934591f57027b51f007) Importer(815301076,1909f56bfc062723c751e8b465ee728b)
Start importing Assets/Sprites/MapTip/Kitchen.png using Guid(d7b1e0b9e7ae2934591f57027b51f007) Importer(815301076,1909f56bfc062723c751e8b465ee728b)  -> (artifact id: '8c8d969ea89d3e950a9cf93927091fb1') in 0.081373 seconds 
========================================================================
Received Import Request.
  Time since last request: 0.000122 seconds.
  path: Assets/Sprites/MapTip/Wall3.png
  artifactKey: Guid(d230bb80af6c8df41b4d093ddb90f8eb) Importer(815301076,1909f56bfc062723c751e8b465ee728b)
Start importing Assets/Sprites/MapTip/Wall3.png using Guid(d230bb80af6c8df41b4d093ddb90f8eb) Importer(815301076,1909f56bfc062723c751e8b465ee728b)  -> (artifact id: 'e9f973f8118a49cf0c27c790d24bafa1') in 0.041608 seconds 
========================================================================
Received Import Request.
  Time since last request: 0.000029 seconds.
  path: Assets/Sprites/MapTip/Wall.png
  artifactKey: Guid(db88f0781b64b6c4590e30c0300e76b1) Importer(815301076,1909f56bfc062723c751e8b465ee728b)
Start importing Assets/Sprites/MapTip/Wall.png using Guid(db88f0781b64b6c4590e30c0300e76b1) Importer(815301076,1909f56bfc062723c751e8b465ee728b)  -> (artifact id: '30e7092e2c33cff6989f986dddbdcfae') in 0.056532 seconds 
========================================================================
Received Import Request.
  Time since last request: 0.000027 seconds.
  path: Assets/Sprites/MapTip/Wall2.png
  artifactKey: Guid(e84645178fc211f40934db39f4ce058c) Importer(815301076,1909f56bfc062723c751e8b465ee728b)
Start importing Assets/Sprites/MapTip/Wall2.png using Guid(e84645178fc211f40934db39f4ce058c) Importer(815301076,1909f56bfc062723c751e8b465ee728b)  -> (artifact id: '0de003fce165a9cf88cde783be6247cc') in 0.064006 seconds 
========================================================================
Received Import Request.
  Time since last request: 0.000032 seconds.
  path: Assets/Sprites/MapTip/Toilet.png
  artifactKey: Guid(b71ec9f5bd818554b8580739424f5679) Importer(815301076,1909f56bfc062723c751e8b465ee728b)
Start importing Assets/Sprites/MapTip/Toilet.png using Guid(b71ec9f5bd818554b8580739424f5679) Importer(815301076,1909f56bfc062723c751e8b465ee728b)  -> (artifact id: '299a473cf759640035672dc61dedbb25') in 0.055323 seconds 
========================================================================
Received Import Request.
  Time since last request: 0.000043 seconds.
  path: Assets/Sprites/MapTip/Floor2.png
  artifactKey: Guid(2515f3a04a1859b4180afac2ac9ac016) Importer(815301076,1909f56bfc062723c751e8b465ee728b)
Start importing Assets/Sprites/MapTip/Floor2.png using Guid(2515f3a04a1859b4180afac2ac9ac016) Importer(815301076,1909f56bfc062723c751e8b465ee728b)  -> (artifact id: '187ed5461dc1a961ae44cb7f80f38f7c') in 0.106587 seconds 
========================================================================
Received Import Request.
  Time since last request: 0.000023 seconds.
  path: Assets/Sprites/MapTip/otherobject.png
  artifactKey: Guid(579c43b77268b8147b6a31f4b8b34264) Importer(815301076,1909f56bfc062723c751e8b465ee728b)
Start importing Assets/Sprites/MapTip/otherobject.png using Guid(579c43b77268b8147b6a31f4b8b34264) Importer(815301076,1909f56bfc062723c751e8b465ee728b)  -> (artifact id: '94fbb979ff5da4f3e2ceb9f4a14e51d7') in 0.077961 seconds 
========================================================================
Received Import Request.
  Time since last request: 579.084742 seconds.
  path: Assets/Sprites/MapTip/Floor.png
  artifactKey: Guid(2e203a5e05a7e9b4e9c3ff352ab52074) Importer(815301076,1909f56bfc062723c751e8b465ee728b)
Start importing Assets/Sprites/MapTip/Floor.png using Guid(2e203a5e05a7e9b4e9c3ff352ab52074) Importer(815301076,1909f56bfc062723c751e8b465ee728b)  -> (artifact id: '8892243513e61ec201fa6fc50c59d3ef') in 0.018813 seconds 
========================================================================
Received Import Request.
  Time since last request: 37.370892 seconds.
  path: Assets/Sprites/MapTip/Floor.png
  artifactKey: Guid(2e203a5e05a7e9b4e9c3ff352ab52074) Importer(815301076,1909f56bfc062723c751e8b465ee728b)
Start importing Assets/Sprites/MapTip/Floor.png using Guid(2e203a5e05a7e9b4e9c3ff352ab52074) Importer(815301076,1909f56bfc062723c751e8b465ee728b)  -> (artifact id: 'd6636656637da0d10c52d868f243d11d') in 0.149609 seconds 
========================================================================
Received Import Request.
  Time since last request: 25.393906 seconds.
  path: Assets/Sprites/MapTip/Floor2.png
  artifactKey: Guid(2515f3a04a1859b4180afac2ac9ac016) Importer(815301076,1909f56bfc062723c751e8b465ee728b)
Start importing Assets/Sprites/MapTip/Floor2.png using Guid(2515f3a04a1859b4180afac2ac9ac016) Importer(815301076,1909f56bfc062723c751e8b465ee728b)  -> (artifact id: 'a09f19e18b57e80b3023f12bd2358f8d') in 0.015991 seconds 
========================================================================
Received Import Request.
  Time since last request: 39.247223 seconds.
  path: Assets/Sprites/MapTip/Floor2.png
  artifactKey: Guid(2515f3a04a1859b4180afac2ac9ac016) Importer(815301076,1909f56bfc062723c751e8b465ee728b)
Start importing Assets/Sprites/MapTip/Floor2.png using Guid(2515f3a04a1859b4180afac2ac9ac016) Importer(815301076,1909f56bfc062723c751e8b465ee728b)  -> (artifact id: '2b2a966658ce4cd22e6d05cb6904f165') in 0.517580 seconds 
========================================================================
Received Import Request.
  Time since last request: 17.234313 seconds.
  path: Assets/Sprites/MapTip/door.jpeg
  artifactKey: Guid(1222adf6b066a64429bc4744f5951d4b) Importer(815301076,1909f56bfc062723c751e8b465ee728b)
Start importing Assets/Sprites/MapTip/door.jpeg using Guid(1222adf6b066a64429bc4744f5951d4b) Importer(815301076,1909f56bfc062723c751e8b465ee728b)  -> (artifact id: 'ea23c9701f61a26e893042a67d99ef27') in 0.014710 seconds 
========================================================================
Received Import Request.
  Time since last request: 33.805518 seconds.
  path: Assets/Sprites/MapTip/door.jpeg
  artifactKey: Guid(1222adf6b066a64429bc4744f5951d4b) Importer(815301076,1909f56bfc062723c751e8b465ee728b)
Start importing Assets/Sprites/MapTip/door.jpeg using Guid(1222adf6b066a64429bc4744f5951d4b) Importer(815301076,1909f56bfc062723c751e8b465ee728b)  -> (artifact id: '0b0f808cc1ade55393e652a349e84c60') in 0.100012 seconds 
========================================================================
Received Import Request.
  Time since last request: 11.048448 seconds.
  path: Assets/Sprites/MapTip/door.jpeg
  artifactKey: Guid(1222adf6b066a64429bc4744f5951d4b) Importer(815301076,1909f56bfc062723c751e8b465ee728b)
Start importing Assets/Sprites/MapTip/door.jpeg using Guid(1222adf6b066a64429bc4744f5951d4b) Importer(815301076,1909f56bfc062723c751e8b465ee728b)  -> (artifact id: '0bc7841d07f2bcfec5ad58257b190c57') in 0.097501 seconds 
========================================================================
Received Import Request.
  Time since last request: 30.907668 seconds.
  path: Assets/Sprites/MapTip/Kitchen.png
  artifactKey: Guid(d7b1e0b9e7ae2934591f57027b51f007) Importer(815301076,1909f56bfc062723c751e8b465ee728b)
Start importing Assets/Sprites/MapTip/Kitchen.png using Guid(d7b1e0b9e7ae2934591f57027b51f007) Importer(815301076,1909f56bfc062723c751e8b465ee728b)  -> (artifact id: '4a1814d2e481147ee7326ac1b885f84b') in 0.027721 seconds 
========================================================================
Received Import Request.
  Time since last request: 7.586692 seconds.
  path: Assets/Sprites/MapTip/Kitchen.png
  artifactKey: Guid(d7b1e0b9e7ae2934591f57027b51f007) Importer(815301076,1909f56bfc062723c751e8b465ee728b)
Start importing Assets/Sprites/MapTip/Kitchen.png using Guid(d7b1e0b9e7ae2934591f57027b51f007) Importer(815301076,1909f56bfc062723c751e8b465ee728b)  -> (artifact id: '274cb705d97f4dd52f232a483961197f') in 0.369728 seconds 
========================================================================
Received Import Request.
  Time since last request: 15.705212 seconds.
  path: Assets/Sprites/MapTip/Object.png
  artifactKey: Guid(cb0cc8c19138ff2429552e4b431f45d5) Importer(815301076,1909f56bfc062723c751e8b465ee728b)
Start importing Assets/Sprites/MapTip/Object.png using Guid(cb0cc8c19138ff2429552e4b431f45d5) Importer(815301076,1909f56bfc062723c751e8b465ee728b)  -> (artifact id: '436d57eb624632ba2cd1f313d7065dcf') in 0.016936 seconds 
========================================================================
Received Import Request.
  Time since last request: 24.897463 seconds.
  path: Assets/Sprites/MapTip/Object.png
  artifactKey: Guid(cb0cc8c19138ff2429552e4b431f45d5) Importer(815301076,1909f56bfc062723c751e8b465ee728b)
Start importing Assets/Sprites/MapTip/Object.png using Guid(cb0cc8c19138ff2429552e4b431f45d5) Importer(815301076,1909f56bfc062723c751e8b465ee728b)  -> (artifact id: '24c13051ff1a72a47441ba3c713618c6') in 0.774858 seconds 
========================================================================
Received Import Request.
  Time since last request: 28.120279 seconds.
  path: Assets/Sprites/MapTip/otherobject.png
  artifactKey: Guid(579c43b77268b8147b6a31f4b8b34264) Importer(815301076,1909f56bfc062723c751e8b465ee728b)
Start importing Assets/Sprites/MapTip/otherobject.png using Guid(579c43b77268b8147b6a31f4b8b34264) Importer(815301076,1909f56bfc062723c751e8b465ee728b)  -> (artifact id: '4f00cb83d11cec560e659d1306ade77c') in 0.017529 seconds 
========================================================================
Received Import Request.
  Time since last request: 59.333666 seconds.
  path: Assets/Sprites/MapTip/otherobject.png
  artifactKey: Guid(579c43b77268b8147b6a31f4b8b34264) Importer(815301076,1909f56bfc062723c751e8b465ee728b)
Start importing Assets/Sprites/MapTip/otherobject.png using Guid(579c43b77268b8147b6a31f4b8b34264) Importer(815301076,1909f56bfc062723c751e8b465ee728b)  -> (artifact id: '6aa26386c32d6c0e268a3e51b845ed6c') in 0.025173 seconds 
========================================================================
Received Import Request.
  Time since last request: 171.776763 seconds.
  path: Assets/Sprites/MapTip/ScienceRoom.png
  artifactKey: Guid(df8e9a84c89913d42ac0524bfbd5482d) Importer(815301076,1909f56bfc062723c751e8b465ee728b)
Start importing Assets/Sprites/MapTip/ScienceRoom.png using Guid(df8e9a84c89913d42ac0524bfbd5482d) Importer(815301076,1909f56bfc062723c751e8b465ee728b)  -> (artifact id: '9c1df1314ca24fa2d5d90ca9cfcc8533') in 0.026932 seconds 
========================================================================
Received Import Request.
  Time since last request: 59.054471 seconds.
  path: Assets/Sprites/MapTip/ScienceRoom.png
  artifactKey: Guid(df8e9a84c89913d42ac0524bfbd5482d) Importer(815301076,1909f56bfc062723c751e8b465ee728b)
Start importing Assets/Sprites/MapTip/ScienceRoom.png using Guid(df8e9a84c89913d42ac0524bfbd5482d) Importer(815301076,1909f56bfc062723c751e8b465ee728b)  -> (artifact id: '701451199936ee14d1faf898c5cf0e1e') in 1.175232 seconds 
========================================================================
Received Import Request.
  Time since last request: 14.943675 seconds.
  path: Assets/Sprites/MapTip/Star.png
  artifactKey: Guid(761bc28af27528442a4e35f4fe1e0901) Importer(815301076,1909f56bfc062723c751e8b465ee728b)
Start importing Assets/Sprites/MapTip/Star.png using Guid(761bc28af27528442a4e35f4fe1e0901) Importer(815301076,1909f56bfc062723c751e8b465ee728b)  -> (artifact id: '73cf32544bd9187cc13e41af8c0d3bdb') in 0.025540 seconds 
========================================================================
Received Import Request.
  Time since last request: 69.013316 seconds.
  path: Assets/Sprites/MapTip/Wall.png
  artifactKey: Guid(db88f0781b64b6c4590e30c0300e76b1) Importer(815301076,1909f56bfc062723c751e8b465ee728b)
Start importing Assets/Sprites/MapTip/Wall.png using Guid(db88f0781b64b6c4590e30c0300e76b1) Importer(815301076,1909f56bfc062723c751e8b465ee728b)  -> (artifact id: '2bd4275440a6c2d1586b75f1bcf10ed4') in 0.019570 seconds 
========================================================================
Received Import Request.
  Time since last request: 25.168486 seconds.
  path: Assets/Sprites/MapTip/Wall.png
  artifactKey: Guid(db88f0781b64b6c4590e30c0300e76b1) Importer(815301076,1909f56bfc062723c751e8b465ee728b)
Start importing Assets/Sprites/MapTip/Wall.png using Guid(db88f0781b64b6c4590e30c0300e76b1) Importer(815301076,1909f56bfc062723c751e8b465ee728b)  -> (artifact id: 'b991d223261684900d70bcad8794f4f7') in 0.169817 seconds 
========================================================================
Received Import Request.
  Time since last request: 31.101213 seconds.
  path: Assets/Sprites/MapTip/Wall2.png
  artifactKey: Guid(e84645178fc211f40934db39f4ce058c) Importer(815301076,1909f56bfc062723c751e8b465ee728b)
Start importing Assets/Sprites/MapTip/Wall2.png using Guid(e84645178fc211f40934db39f4ce058c) Importer(815301076,1909f56bfc062723c751e8b465ee728b)  -> (artifact id: 'f5c922a0ca8f66a7f1cba8f1352588b8') in 0.023566 seconds 
========================================================================
Received Import Request.
  Time since last request: 11.353687 seconds.
  path: Assets/Sprites/MapTip/Wall2.png
  artifactKey: Guid(e84645178fc211f40934db39f4ce058c) Importer(815301076,1909f56bfc062723c751e8b465ee728b)
Start importing Assets/Sprites/MapTip/Wall2.png using Guid(e84645178fc211f40934db39f4ce058c) Importer(815301076,1909f56bfc062723c751e8b465ee728b)  -> (artifact id: 'd1adf0763b7ba97650af64eeec72db16') in 0.148107 seconds 
========================================================================
Received Import Request.
  Time since last request: 17.563915 seconds.
  path: Assets/Sprites/MapTip/Wall3.png
  artifactKey: Guid(d230bb80af6c8df41b4d093ddb90f8eb) Importer(815301076,1909f56bfc062723c751e8b465ee728b)
Start importing Assets/Sprites/MapTip/Wall3.png using Guid(d230bb80af6c8df41b4d093ddb90f8eb) Importer(815301076,1909f56bfc062723c751e8b465ee728b)  -> (artifact id: 'd5ddaf778d73a75096350e42bf1d7fdf') in 0.012171 seconds 
========================================================================
Received Import Request.
  Time since last request: 15.286572 seconds.
  path: Assets/Sprites/MapTip/Wall3.png
  artifactKey: Guid(d230bb80af6c8df41b4d093ddb90f8eb) Importer(815301076,1909f56bfc062723c751e8b465ee728b)
Start importing Assets/Sprites/MapTip/Wall3.png using Guid(d230bb80af6c8df41b4d093ddb90f8eb) Importer(815301076,1909f56bfc062723c751e8b465ee728b)  -> (artifact id: '3740f5a28b8d8bce6700cc404c4517db') in 0.035507 seconds 
========================================================================
Received Import Request.
  Time since last request: 14.243458 seconds.
  path: Assets/Sprites/MapTip/Wall4.png
  artifactKey: Guid(b64c644a330aad24e80d17c9f0be372b) Importer(815301076,1909f56bfc062723c751e8b465ee728b)
Start importing Assets/Sprites/MapTip/Wall4.png using Guid(b64c644a330aad24e80d17c9f0be372b) Importer(815301076,1909f56bfc062723c751e8b465ee728b)  -> (artifact id: 'c983f7a7f001588c7e6064f2fb29e080') in 0.015852 seconds 
========================================================================
Received Import Request.
  Time since last request: 18.284948 seconds.
  path: Assets/Sprites/MapTip/Wall4.png
  artifactKey: Guid(b64c644a330aad24e80d17c9f0be372b) Importer(815301076,1909f56bfc062723c751e8b465ee728b)
Start importing Assets/Sprites/MapTip/Wall4.png using Guid(b64c644a330aad24e80d17c9f0be372b) Importer(815301076,1909f56bfc062723c751e8b465ee728b)  -> (artifact id: '5d5257fe8ffd48da6d8d8182cb4305cf') in 0.141513 seconds 
========================================================================
Received Import Request.
  Time since last request: 104.241843 seconds.
  path: Assets/Scenes/HallRight.unity
  artifactKey: Guid(97932b69790f068458bcf3c63879c6fc) Importer(815301076,1909f56bfc062723c751e8b465ee728b)
Start importing Assets/Scenes/HallRight.unity using Guid(97932b69790f068458bcf3c63879c6fc) Importer(815301076,1909f56bfc062723c751e8b465ee728b)  -> (artifact id: '6c5d5892f7303242af49386fb9f57534') in 0.001506 seconds 
========================================================================
Received Import Request.
  Time since last request: 510.420911 seconds.
  path: Assets/Scenes/Library.unity
  artifactKey: Guid(2e2325d1406e50249a033d2b12b5dc66) Importer(815301076,1909f56bfc062723c751e8b465ee728b)
Start importing Assets/Scenes/Library.unity using Guid(2e2325d1406e50249a033d2b12b5dc66) Importer(815301076,1909f56bfc062723c751e8b465ee728b)  -> (artifact id: '767b66eaffafc49e5f87b86a6f2deb32') in 0.001998 seconds 
========================================================================
Received Import Request.
  Time since last request: 223.785642 seconds.
  path: Assets/Sprites/MapTip/Star.png
  artifactKey: Guid(761bc28af27528442a4e35f4fe1e0901) Importer(815301076,1909f56bfc062723c751e8b465ee728b)
Start importing Assets/Sprites/MapTip/Star.png using Guid(761bc28af27528442a4e35f4fe1e0901) Importer(815301076,1909f56bfc062723c751e8b465ee728b)  -> (artifact id: 'eee16f09c929db9b34e32050ca5dd531') in 0.041373 seconds 
========================================================================
Received Import Request.
  Time since last request: 285.782671 seconds.
  path: Assets/Sprites/MapTip/Object.png
  artifactKey: Guid(cb0cc8c19138ff2429552e4b431f45d5) Importer(815301076,1909f56bfc062723c751e8b465ee728b)
Start importing Assets/Sprites/MapTip/Object.png using Guid(cb0cc8c19138ff2429552e4b431f45d5) Importer(815301076,1909f56bfc062723c751e8b465ee728b)  -> (artifact id: '20229747eb25c18f7b59eb179c701e6b') in 0.821579 seconds 
========================================================================
Received Import Request.
  Time since last request: 2335.139975 seconds.
  path: Assets/Sprites/MapTip/Object.png
  artifactKey: Guid(cb0cc8c19138ff2429552e4b431f45d5) Importer(815301076,1909f56bfc062723c751e8b465ee728b)
Start importing Assets/Sprites/MapTip/Object.png using Guid(cb0cc8c19138ff2429552e4b431f45d5) Importer(815301076,1909f56bfc062723c751e8b465ee728b)  -> (artifact id: 'e99960b2bd230bd832b8c0fd274e5f69') in 0.805169 seconds 
========================================================================
Received Import Request.
  Time since last request: 113.753202 seconds.
  path: Assets/Sprites/MapTip/Object.png
  artifactKey: Guid(cb0cc8c19138ff2429552e4b431f45d5) Importer(815301076,1909f56bfc062723c751e8b465ee728b)
Start importing Assets/Sprites/MapTip/Object.png using Guid(cb0cc8c19138ff2429552e4b431f45d5) Importer(815301076,1909f56bfc062723c751e8b465ee728b)  -> (artifact id: '941a6260ccdcc9a756f144278c43e375') in 0.834637 seconds 
========================================================================
Received Import Request.
  Time since last request: 471.833173 seconds.
  path: Assets/Sprites/MapTip/Object.png
  artifactKey: Guid(cb0cc8c19138ff2429552e4b431f45d5) Importer(815301076,1909f56bfc062723c751e8b465ee728b)
Start importing Assets/Sprites/MapTip/Object.png using Guid(cb0cc8c19138ff2429552e4b431f45d5) Importer(815301076,1909f56bfc062723c751e8b465ee728b)  -> (artifact id: 'b32dfccde54541721930559145975797') in 0.825654 seconds 
========================================================================
Received Import Request.
  Time since last request: 1237.602852 seconds.
  path: Assets/Sprites/MapTip/Object.png
  artifactKey: Guid(cb0cc8c19138ff2429552e4b431f45d5) Importer(815301076,1909f56bfc062723c751e8b465ee728b)
Start importing Assets/Sprites/MapTip/Object.png using Guid(cb0cc8c19138ff2429552e4b431f45d5) Importer(815301076,1909f56bfc062723c751e8b465ee728b)  -> (artifact id: 'bd121a9b8817f8d3ab74b82dbc1db9ad') in 0.812116 seconds 
========================================================================
Received Import Request.
  Time since last request: 415.676605 seconds.
  path: ProjectSettings/TagManager.asset
  artifactKey: Guid(00000000000000003000000000000000) Importer(815301076,1909f56bfc062723c751e8b465ee728b)
Start importing ProjectSettings/TagManager.asset using Guid(00000000000000003000000000000000) Importer(815301076,1909f56bfc062723c751e8b465ee728b)  -> (artifact id: '7f72f0c05fb8d0afd1b7583e1aa28d30') in 0.007147 seconds 
========================================================================
Received Import Request.
  Time since last request: 657.805506 seconds.
  path: Assets/Sprites/MapTip/Wall2.png
  artifactKey: Guid(e84645178fc211f40934db39f4ce058c) Importer(815301076,1909f56bfc062723c751e8b465ee728b)
Start importing Assets/Sprites/MapTip/Wall2.png using Guid(e84645178fc211f40934db39f4ce058c) Importer(815301076,1909f56bfc062723c751e8b465ee728b)  -> (artifact id: 'b5c400a7f98af16f52a446bc1a72057b') in 0.147962 seconds 
========================================================================
Received Import Request.
  Time since last request: 1051.465423 seconds.
  path: Assets/Scenes/GameScene.unity
  artifactKey: Guid(ff42eda7d17b16c41b2eddecbfdb5868) Importer(815301076,1909f56bfc062723c751e8b465ee728b)
Start importing Assets/Scenes/GameScene.unity using Guid(ff42eda7d17b16c41b2eddecbfdb5868) Importer(815301076,1909f56bfc062723c751e8b465ee728b)  -> (artifact id: '535738cb68a526eb1db6fd931fc46a3c') in 0.001991 seconds 
========================================================================
Received Prepare
Registering precompiled user dll's ...
Registered in 0.006243 seconds.
Begin MonoManager ReloadAssembly
Symbol file LoadedFromMemory doesn't match image D:\3D23SP\G313 GameProject\Library\PackageCache\com.unity.visualscripting@1.7.6\Editor\VisualScripting.Core\Dependencies\YamlDotNet\Unity.VisualScripting.YamlDotNet.dll
Symbol file LoadedFromMemory doesn't match image D:\3D23SP\G313 GameProject\Library\PackageCache\com.unity.visualscripting@1.7.6\Editor\VisualScripting.Core\Dependencies\DotNetZip\Unity.VisualScripting.IonicZip.dll
Native extension for WindowsStandalone target not found
Refreshing native plugins compatible for Editor in 0.98 ms, found 4 plugins.
Preloading 0 native plugins for Editor in 0.00 ms.
Mono: successfully reloaded assembly
- Completed reload, in  1.568 seconds
Domain Reload Profiling:
	ReloadAssembly (1569ms)
		BeginReloadAssembly (264ms)
			ExecutionOrderSort (0ms)
			DisableScriptedObjects (21ms)
			BackupInstance (0ms)
			ReleaseScriptingObjects (0ms)
			CreateAndSetChildDomain (111ms)
		EndReloadAssembly (1180ms)
			LoadAssemblies (124ms)
			RebuildTransferFunctionScriptingTraits (0ms)
			SetupTypeCache (390ms)
			ReleaseScriptCaches (2ms)
			RebuildScriptCaches (74ms)
			SetupLoadedEditorAssemblies (521ms)
				LogAssemblyErrors (0ms)
				InitializePlatformSupportModulesInManaged (18ms)
				SetLoadedEditorAssemblies (1ms)
				RefreshPlugins (1ms)
				BeforeProcessingInitializeOnLoad (113ms)
				ProcessInitializeOnLoadAttributes (311ms)
				ProcessInitializeOnLoadMethodAttributes (60ms)
				AfterProcessingInitializeOnLoad (15ms)
				EditorAssembliesLoaded (0ms)
			ExecutionOrderSort2 (0ms)
			AwakeInstancesAfterBackupRestoration (13ms)
Platform modules already initialized, skipping
Refreshing native plugins compatible for Editor in 2.92 ms, found 4 plugins.
Preloading 0 native plugins for Editor in 0.00 ms.
Unloading 4070 Unused Serialized files (Serialized files now loaded: 0)
Unloading 26 unused Assets / (50.0 KB). Loaded Objects now: 4605.
Memory consumption went from 160.6 MB to 160.6 MB.
Total: 4.943900 ms (FindLiveObjects: 0.333500 ms CreateObjectMapping: 0.220400 ms MarkObjects: 4.255300 ms  DeleteObjects: 0.133600 ms)

AssetImportParameters requested are different than current active one (requested -> active):
  custom:video-decoder-ogg-theora: a1e56fd34408186e4bbccfd4996cb3dc -> 
  custom:container-muxer-webm: aa71ff27fc2769a1b78a27578f13a17b -> 
  custom:container-demuxer-webm: 4f35f7cbe854078d1ac9338744f61a02 -> 
  custom:video-encoder-webm-vp8: eb34c28f22e8b96e1ab97ce403110664 -> 
  custom:audio-encoder-webm-vorbis: bf7c407c2cedff20999df2af8eb42d56 -> 
  custom:framework-win-MediaFoundation: 216162199b28c13a410421893ffa2e32 -> 
  custom:container-demuxer-ogg: 62fdf1f143b41e24485cea50d1cbac27 -> 
  custom:video-decoder-webm-vp8: 9c59270c3fd7afecdb556c50c9e8de78 -> 
  custom:audio-decoder-ogg-vorbis: bf7c407c2cedff20999df2af8eb42d56 -> 
========================================================================
Received Prepare
Registering precompiled user dll's ...
Registered in 0.008542 seconds.
Begin MonoManager ReloadAssembly
Symbol file LoadedFromMemory doesn't match image D:\3D23SP\G313 GameProject\Library\PackageCache\com.unity.visualscripting@1.7.6\Editor\VisualScripting.Core\Dependencies\YamlDotNet\Unity.VisualScripting.YamlDotNet.dll
Symbol file LoadedFromMemory doesn't match image D:\3D23SP\G313 GameProject\Library\PackageCache\com.unity.visualscripting@1.7.6\Editor\VisualScripting.Core\Dependencies\DotNetZip\Unity.VisualScripting.IonicZip.dll
Native extension for WindowsStandalone target not found
Refreshing native plugins compatible for Editor in 1.14 ms, found 4 plugins.
Preloading 0 native plugins for Editor in 0.00 ms.
Mono: successfully reloaded assembly
- Completed reload, in  3.913 seconds
Domain Reload Profiling:
	ReloadAssembly (3913ms)
		BeginReloadAssembly (165ms)
			ExecutionOrderSort (0ms)
			DisableScriptedObjects (7ms)
			BackupInstance (0ms)
			ReleaseScriptingObjects (0ms)
			CreateAndSetChildDomain (46ms)
		EndReloadAssembly (3590ms)
			LoadAssemblies (110ms)
			RebuildTransferFunctionScriptingTraits (0ms)
			SetupTypeCache (286ms)
			ReleaseScriptCaches (1ms)
			RebuildScriptCaches (48ms)
			SetupLoadedEditorAssemblies (3102ms)
				LogAssemblyErrors (0ms)
				InitializePlatformSupportModulesInManaged (15ms)
				SetLoadedEditorAssemblies (1ms)
				RefreshPlugins (1ms)
				BeforeProcessingInitializeOnLoad (91ms)
				ProcessInitializeOnLoadAttributes (2930ms)
				ProcessInitializeOnLoadMethodAttributes (49ms)
				AfterProcessingInitializeOnLoad (15ms)
				EditorAssembliesLoaded (0ms)
			ExecutionOrderSort2 (0ms)
			AwakeInstancesAfterBackupRestoration (14ms)
Platform modules already initialized, skipping
Refreshing native plugins compatible for Editor in 3.86 ms, found 4 plugins.
Preloading 0 native plugins for Editor in 0.00 ms.
Unloading 4070 Unused Serialized files (Serialized files now loaded: 0)
Unloading 25 unused Assets / (50.0 KB). Loaded Objects now: 4608.
Memory consumption went from 160.6 MB to 160.6 MB.
Total: 4.276900 ms (FindLiveObjects: 0.326500 ms CreateObjectMapping: 0.289100 ms MarkObjects: 3.574900 ms  DeleteObjects: 0.085100 ms)

AssetImportParameters requested are different than current active one (requested -> active):
  custom:video-decoder-ogg-theora: a1e56fd34408186e4bbccfd4996cb3dc -> 
  custom:container-muxer-webm: aa71ff27fc2769a1b78a27578f13a17b -> 
  custom:container-demuxer-webm: 4f35f7cbe854078d1ac9338744f61a02 -> 
  custom:video-encoder-webm-vp8: eb34c28f22e8b96e1ab97ce403110664 -> 
  custom:audio-encoder-webm-vorbis: bf7c407c2cedff20999df2af8eb42d56 -> 
  custom:framework-win-MediaFoundation: 216162199b28c13a410421893ffa2e32 -> 
  custom:container-demuxer-ogg: 62fdf1f143b41e24485cea50d1cbac27 -> 
  custom:video-decoder-webm-vp8: 9c59270c3fd7afecdb556c50c9e8de78 -> 
  custom:audio-decoder-ogg-vorbis: bf7c407c2cedff20999df2af8eb42d56 -> 
========================================================================
Received Prepare
Registering precompiled user dll's ...
Registered in 0.007017 seconds.
Begin MonoManager ReloadAssembly
Symbol file LoadedFromMemory doesn't match image D:\3D23SP\G313 GameProject\Library\PackageCache\com.unity.visualscripting@1.7.6\Editor\VisualScripting.Core\Dependencies\YamlDotNet\Unity.VisualScripting.YamlDotNet.dll
Symbol file LoadedFromMemory doesn't match image D:\3D23SP\G313 GameProject\Library\PackageCache\com.unity.visualscripting@1.7.6\Editor\VisualScripting.Core\Dependencies\DotNetZip\Unity.VisualScripting.IonicZip.dll
Native extension for WindowsStandalone target not found
Refreshing native plugins compatible for Editor in 0.75 ms, found 4 plugins.
Preloading 0 native plugins for Editor in 0.00 ms.
Mono: successfully reloaded assembly
- Completed reload, in  3.695 seconds
Domain Reload Profiling:
	ReloadAssembly (3696ms)
		BeginReloadAssembly (161ms)
			ExecutionOrderSort (0ms)
			DisableScriptedObjects (8ms)
			BackupInstance (0ms)
			ReleaseScriptingObjects (0ms)
			CreateAndSetChildDomain (44ms)
		EndReloadAssembly (3326ms)
			LoadAssemblies (120ms)
			RebuildTransferFunctionScriptingTraits (0ms)
			SetupTypeCache (453ms)
			ReleaseScriptCaches (3ms)
			RebuildScriptCaches (2278ms)
			SetupLoadedEditorAssemblies (424ms)
				LogAssemblyErrors (0ms)
				InitializePlatformSupportModulesInManaged (13ms)
				SetLoadedEditorAssemblies (1ms)
				RefreshPlugins (1ms)
				BeforeProcessingInitializeOnLoad (96ms)
				ProcessInitializeOnLoadAttributes (260ms)
				ProcessInitializeOnLoadMethodAttributes (42ms)
				AfterProcessingInitializeOnLoad (11ms)
				EditorAssembliesLoaded (0ms)
			ExecutionOrderSort2 (0ms)
			AwakeInstancesAfterBackupRestoration (10ms)
Platform modules already initialized, skipping
Refreshing native plugins compatible for Editor in 3.42 ms, found 4 plugins.
Preloading 0 native plugins for Editor in 0.00 ms.
Unloading 4070 Unused Serialized files (Serialized files now loaded: 0)
Unloading 25 unused Assets / (50.0 KB). Loaded Objects now: 4611.
Memory consumption went from 160.6 MB to 160.6 MB.
Total: 4.370000 ms (FindLiveObjects: 0.419600 ms CreateObjectMapping: 0.361300 ms MarkObjects: 3.513200 ms  DeleteObjects: 0.074500 ms)

AssetImportParameters requested are different than current active one (requested -> active):
  custom:video-decoder-ogg-theora: a1e56fd34408186e4bbccfd4996cb3dc -> 
  custom:container-muxer-webm: aa71ff27fc2769a1b78a27578f13a17b -> 
  custom:container-demuxer-webm: 4f35f7cbe854078d1ac9338744f61a02 -> 
  custom:video-encoder-webm-vp8: eb34c28f22e8b96e1ab97ce403110664 -> 
  custom:audio-encoder-webm-vorbis: bf7c407c2cedff20999df2af8eb42d56 -> 
  custom:framework-win-MediaFoundation: 216162199b28c13a410421893ffa2e32 -> 
  custom:container-demuxer-ogg: 62fdf1f143b41e24485cea50d1cbac27 -> 
  custom:video-decoder-webm-vp8: 9c59270c3fd7afecdb556c50c9e8de78 -> 
  custom:audio-decoder-ogg-vorbis: bf7c407c2cedff20999df2af8eb42d56 -> 
========================================================================
Received Prepare
Registering precompiled user dll's ...
Registered in 0.005924 seconds.
Begin MonoManager ReloadAssembly
Symbol file LoadedFromMemory doesn't match image D:\3D23SP\G313 GameProject\Library\PackageCache\com.unity.visualscripting@1.7.6\Editor\VisualScripting.Core\Dependencies\YamlDotNet\Unity.VisualScripting.YamlDotNet.dll
Symbol file LoadedFromMemory doesn't match image D:\3D23SP\G313 GameProject\Library\PackageCache\com.unity.visualscripting@1.7.6\Editor\VisualScripting.Core\Dependencies\DotNetZip\Unity.VisualScripting.IonicZip.dll
Native extension for WindowsStandalone target not found
Refreshing native plugins compatible for Editor in 0.83 ms, found 4 plugins.
Preloading 0 native plugins for Editor in 0.00 ms.
Mono: successfully reloaded assembly
- Completed reload, in  1.219 seconds
Domain Reload Profiling:
	ReloadAssembly (1220ms)
		BeginReloadAssembly (156ms)
			ExecutionOrderSort (0ms)
			DisableScriptedObjects (8ms)
			BackupInstance (0ms)
			ReleaseScriptingObjects (0ms)
			CreateAndSetChildDomain (42ms)
		EndReloadAssembly (933ms)
			LoadAssemblies (110ms)
			RebuildTransferFunctionScriptingTraits (0ms)
			SetupTypeCache (286ms)
			ReleaseScriptCaches (1ms)
			RebuildScriptCaches (50ms)
			SetupLoadedEditorAssemblies (433ms)
				LogAssemblyErrors (0ms)
				InitializePlatformSupportModulesInManaged (16ms)
				SetLoadedEditorAssemblies (1ms)
				RefreshPlugins (1ms)
				BeforeProcessingInitializeOnLoad (101ms)
				ProcessInitializeOnLoadAttributes (254ms)
				ProcessInitializeOnLoadMethodAttributes (49ms)
				AfterProcessingInitializeOnLoad (12ms)
				EditorAssembliesLoaded (0ms)
			ExecutionOrderSort2 (0ms)
			AwakeInstancesAfterBackupRestoration (10ms)
Platform modules already initialized, skipping
Refreshing native plugins compatible for Editor in 2.60 ms, found 4 plugins.
Preloading 0 native plugins for Editor in 0.00 ms.
Unloading 4070 Unused Serialized files (Serialized files now loaded: 0)
Unloading 25 unused Assets / (49.9 KB). Loaded Objects now: 4614.
Memory consumption went from 160.6 MB to 160.6 MB.
Total: 5.096400 ms (FindLiveObjects: 0.381800 ms CreateObjectMapping: 0.343800 ms MarkObjects: 4.268300 ms  DeleteObjects: 0.100900 ms)

AssetImportParameters requested are different than current active one (requested -> active):
  custom:video-decoder-ogg-theora: a1e56fd34408186e4bbccfd4996cb3dc -> 
  custom:container-muxer-webm: aa71ff27fc2769a1b78a27578f13a17b -> 
  custom:container-demuxer-webm: 4f35f7cbe854078d1ac9338744f61a02 -> 
  custom:video-encoder-webm-vp8: eb34c28f22e8b96e1ab97ce403110664 -> 
  custom:audio-encoder-webm-vorbis: bf7c407c2cedff20999df2af8eb42d56 -> 
  custom:framework-win-MediaFoundation: 216162199b28c13a410421893ffa2e32 -> 
  custom:container-demuxer-ogg: 62fdf1f143b41e24485cea50d1cbac27 -> 
  custom:video-decoder-webm-vp8: 9c59270c3fd7afecdb556c50c9e8de78 -> 
  custom:audio-decoder-ogg-vorbis: bf7c407c2cedff20999df2af8eb42d56 -> 
========================================================================
Received Prepare
Registering precompiled user dll's ...
Registered in 0.006180 seconds.
Begin MonoManager ReloadAssembly
Symbol file LoadedFromMemory doesn't match image D:\3D23SP\G313 GameProject\Library\PackageCache\com.unity.visualscripting@1.7.6\Editor\VisualScripting.Core\Dependencies\YamlDotNet\Unity.VisualScripting.YamlDotNet.dll
Symbol file LoadedFromMemory doesn't match image D:\3D23SP\G313 GameProject\Library\PackageCache\com.unity.visualscripting@1.7.6\Editor\VisualScripting.Core\Dependencies\DotNetZip\Unity.VisualScripting.IonicZip.dll
Native extension for WindowsStandalone target not found
Refreshing native plugins compatible for Editor in 0.78 ms, found 4 plugins.
Preloading 0 native plugins for Editor in 0.00 ms.
Mono: successfully reloaded assembly
- Completed reload, in  3.602 seconds
Domain Reload Profiling:
	ReloadAssembly (3603ms)
		BeginReloadAssembly (155ms)
			ExecutionOrderSort (0ms)
			DisableScriptedObjects (8ms)
			BackupInstance (0ms)
			ReleaseScriptingObjects (0ms)
			CreateAndSetChildDomain (43ms)
		EndReloadAssembly (3147ms)
			LoadAssemblies (139ms)
			RebuildTransferFunctionScriptingTraits (0ms)
			SetupTypeCache (924ms)
			ReleaseScriptCaches (2ms)
			RebuildScriptCaches (1616ms)
			SetupLoadedEditorAssemblies (397ms)
				LogAssemblyErrors (0ms)
				InitializePlatformSupportModulesInManaged (17ms)
				SetLoadedEditorAssemblies (1ms)
				RefreshPlugins (1ms)
				BeforeProcessingInitializeOnLoad (86ms)
				ProcessInitializeOnLoadAttributes (231ms)
				ProcessInitializeOnLoadMethodAttributes (47ms)
				AfterProcessingInitializeOnLoad (15ms)
				EditorAssembliesLoaded (0ms)
			ExecutionOrderSort2 (0ms)
			AwakeInstancesAfterBackupRestoration (11ms)
Platform modules already initialized, skipping
Refreshing native plugins compatible for Editor in 3.59 ms, found 4 plugins.
Preloading 0 native plugins for Editor in 0.00 ms.
Unloading 4070 Unused Serialized files (Serialized files now loaded: 0)
Unloading 25 unused Assets / (50.0 KB). Loaded Objects now: 4617.
Memory consumption went from 160.7 MB to 160.6 MB.
Total: 4.726900 ms (FindLiveObjects: 0.308200 ms CreateObjectMapping: 0.412600 ms MarkObjects: 3.930400 ms  DeleteObjects: 0.074600 ms)

AssetImportParameters requested are different than current active one (requested -> active):
  custom:video-decoder-ogg-theora: a1e56fd34408186e4bbccfd4996cb3dc -> 
  custom:container-muxer-webm: aa71ff27fc2769a1b78a27578f13a17b -> 
  custom:container-demuxer-webm: 4f35f7cbe854078d1ac9338744f61a02 -> 
  custom:video-encoder-webm-vp8: eb34c28f22e8b96e1ab97ce403110664 -> 
  custom:audio-encoder-webm-vorbis: bf7c407c2cedff20999df2af8eb42d56 -> 
  custom:framework-win-MediaFoundation: 216162199b28c13a410421893ffa2e32 -> 
  custom:container-demuxer-ogg: 62fdf1f143b41e24485cea50d1cbac27 -> 
  custom:video-decoder-webm-vp8: 9c59270c3fd7afecdb556c50c9e8de78 -> 
  custom:audio-decoder-ogg-vorbis: bf7c407c2cedff20999df2af8eb42d56 -> 
========================================================================
Received Prepare
Registering precompiled user dll's ...
Registered in 0.006027 seconds.
Begin MonoManager ReloadAssembly
Symbol file LoadedFromMemory doesn't match image D:\3D23SP\G313 GameProject\Library\PackageCache\com.unity.visualscripting@1.7.6\Editor\VisualScripting.Core\Dependencies\YamlDotNet\Unity.VisualScripting.YamlDotNet.dll
Symbol file LoadedFromMemory doesn't match image D:\3D23SP\G313 GameProject\Library\PackageCache\com.unity.visualscripting@1.7.6\Editor\VisualScripting.Core\Dependencies\DotNetZip\Unity.VisualScripting.IonicZip.dll
Native extension for WindowsStandalone target not found
Refreshing native plugins compatible for Editor in 0.90 ms, found 4 plugins.
Preloading 0 native plugins for Editor in 0.00 ms.
Mono: successfully reloaded assembly
- Completed reload, in  1.206 seconds
Domain Reload Profiling:
	ReloadAssembly (1207ms)
		BeginReloadAssembly (146ms)
			ExecutionOrderSort (0ms)
			DisableScriptedObjects (8ms)
			BackupInstance (0ms)
			ReleaseScriptingObjects (0ms)
			CreateAndSetChildDomain (40ms)
		EndReloadAssembly (950ms)
			LoadAssemblies (102ms)
			RebuildTransferFunctionScriptingTraits (0ms)
			SetupTypeCache (330ms)
			ReleaseScriptCaches (1ms)
			RebuildScriptCaches (54ms)
			SetupLoadedEditorAssemblies (405ms)
				LogAssemblyErrors (0ms)
				InitializePlatformSupportModulesInManaged (16ms)
				SetLoadedEditorAssemblies (1ms)
				RefreshPlugins (1ms)
				BeforeProcessingInitializeOnLoad (98ms)
				ProcessInitializeOnLoadAttributes (225ms)
				ProcessInitializeOnLoadMethodAttributes (53ms)
				AfterProcessingInitializeOnLoad (12ms)
				EditorAssembliesLoaded (0ms)
			ExecutionOrderSort2 (0ms)
			AwakeInstancesAfterBackupRestoration (9ms)
Platform modules already initialized, skipping
Refreshing native plugins compatible for Editor in 2.12 ms, found 4 plugins.
Preloading 0 native plugins for Editor in 0.00 ms.
Unloading 4070 Unused Serialized files (Serialized files now loaded: 0)
Unloading 25 unused Assets / (50.1 KB). Loaded Objects now: 4620.
Memory consumption went from 160.7 MB to 160.6 MB.
Total: 5.877800 ms (FindLiveObjects: 0.327100 ms CreateObjectMapping: 0.501100 ms MarkObjects: 4.942600 ms  DeleteObjects: 0.105600 ms)

AssetImportParameters requested are different than current active one (requested -> active):
  custom:video-decoder-ogg-theora: a1e56fd34408186e4bbccfd4996cb3dc -> 
  custom:container-muxer-webm: aa71ff27fc2769a1b78a27578f13a17b -> 
  custom:container-demuxer-webm: 4f35f7cbe854078d1ac9338744f61a02 -> 
  custom:video-encoder-webm-vp8: eb34c28f22e8b96e1ab97ce403110664 -> 
  custom:audio-encoder-webm-vorbis: bf7c407c2cedff20999df2af8eb42d56 -> 
  custom:framework-win-MediaFoundation: 216162199b28c13a410421893ffa2e32 -> 
  custom:container-demuxer-ogg: 62fdf1f143b41e24485cea50d1cbac27 -> 
  custom:video-decoder-webm-vp8: 9c59270c3fd7afecdb556c50c9e8de78 -> 
  custom:audio-decoder-ogg-vorbis: bf7c407c2cedff20999df2af8eb42d56 -> 
========================================================================
Received Prepare
Registering precompiled user dll's ...
Registered in 0.006178 seconds.
Begin MonoManager ReloadAssembly
Symbol file LoadedFromMemory doesn't match image D:\3D23SP\G313 GameProject\Library\PackageCache\com.unity.visualscripting@1.7.6\Editor\VisualScripting.Core\Dependencies\YamlDotNet\Unity.VisualScripting.YamlDotNet.dll
Symbol file LoadedFromMemory doesn't match image D:\3D23SP\G313 GameProject\Library\PackageCache\com.unity.visualscripting@1.7.6\Editor\VisualScripting.Core\Dependencies\DotNetZip\Unity.VisualScripting.IonicZip.dll
Native extension for WindowsStandalone target not found
Refreshing native plugins compatible for Editor in 1.50 ms, found 4 plugins.
Preloading 0 native plugins for Editor in 0.00 ms.
Mono: successfully reloaded assembly
- Completed reload, in  3.572 seconds
Domain Reload Profiling:
	ReloadAssembly (3573ms)
		BeginReloadAssembly (155ms)
			ExecutionOrderSort (0ms)
			DisableScriptedObjects (8ms)
			BackupInstance (0ms)
			ReleaseScriptingObjects (0ms)
			CreateAndSetChildDomain (43ms)
		EndReloadAssembly (3202ms)
			LoadAssemblies (110ms)
			RebuildTransferFunctionScriptingTraits (0ms)
			SetupTypeCache (381ms)
			ReleaseScriptCaches (2ms)
			RebuildScriptCaches (2234ms)
			SetupLoadedEditorAssemblies (413ms)
				LogAssemblyErrors (0ms)
				InitializePlatformSupportModulesInManaged (15ms)
				SetLoadedEditorAssemblies (1ms)
				RefreshPlugins (2ms)
				BeforeProcessingInitializeOnLoad (100ms)
				ProcessInitializeOnLoadAttributes (244ms)
				ProcessInitializeOnLoadMethodAttributes (42ms)
				AfterProcessingInitializeOnLoad (10ms)
				EditorAssembliesLoaded (0ms)
			ExecutionOrderSort2 (0ms)
			AwakeInstancesAfterBackupRestoration (10ms)
Platform modules already initialized, skipping
Refreshing native plugins compatible for Editor in 6.18 ms, found 4 plugins.
Preloading 0 native plugins for Editor in 0.00 ms.
Unloading 4070 Unused Serialized files (Serialized files now loaded: 0)
Unloading 25 unused Assets / (50.0 KB). Loaded Objects now: 4623.
Memory consumption went from 160.7 MB to 160.6 MB.
Total: 5.843100 ms (FindLiveObjects: 0.323500 ms CreateObjectMapping: 0.312000 ms MarkObjects: 5.113500 ms  DeleteObjects: 0.093000 ms)

AssetImportParameters requested are different than current active one (requested -> active):
  custom:video-decoder-ogg-theora: a1e56fd34408186e4bbccfd4996cb3dc -> 
  custom:container-muxer-webm: aa71ff27fc2769a1b78a27578f13a17b -> 
  custom:container-demuxer-webm: 4f35f7cbe854078d1ac9338744f61a02 -> 
  custom:video-encoder-webm-vp8: eb34c28f22e8b96e1ab97ce403110664 -> 
  custom:audio-encoder-webm-vorbis: bf7c407c2cedff20999df2af8eb42d56 -> 
  custom:framework-win-MediaFoundation: 216162199b28c13a410421893ffa2e32 -> 
  custom:container-demuxer-ogg: 62fdf1f143b41e24485cea50d1cbac27 -> 
  custom:video-decoder-webm-vp8: 9c59270c3fd7afecdb556c50c9e8de78 -> 
  custom:audio-decoder-ogg-vorbis: bf7c407c2cedff20999df2af8eb42d56 -> 
========================================================================
Received Import Request.
  Time since last request: 1116.668771 seconds.
  path: Assets/Scenes/HallLeft.unity
  artifactKey: Guid(48541358de8f47348a24ecabd2d0f9a7) Importer(815301076,1909f56bfc062723c751e8b465ee728b)
Start importing Assets/Scenes/HallLeft.unity using Guid(48541358de8f47348a24ecabd2d0f9a7) Importer(815301076,1909f56bfc062723c751e8b465ee728b)  -> (artifact id: '434b3abcaba54df7edcb1f093aa37fec') in 0.008959 seconds 
========================================================================
Received Import Request.
  Time since last request: 191.514496 seconds.
  path: Assets/Scenes/GameScene.unity
  artifactKey: Guid(ff42eda7d17b16c41b2eddecbfdb5868) Importer(815301076,1909f56bfc062723c751e8b465ee728b)
Start importing Assets/Scenes/GameScene.unity using Guid(ff42eda7d17b16c41b2eddecbfdb5868) Importer(815301076,1909f56bfc062723c751e8b465ee728b)  -> (artifact id: '2eb7068e19e30642a1a6a3097c63d269') in 0.001815 seconds 
========================================================================
Received Prepare
Registering precompiled user dll's ...
Registered in 0.007100 seconds.
Begin MonoManager ReloadAssembly
Symbol file LoadedFromMemory doesn't match image D:\3D23SP\G313 GameProject\Library\PackageCache\com.unity.visualscripting@1.7.6\Editor\VisualScripting.Core\Dependencies\YamlDotNet\Unity.VisualScripting.YamlDotNet.dll
Symbol file LoadedFromMemory doesn't match image D:\3D23SP\G313 GameProject\Library\PackageCache\com.unity.visualscripting@1.7.6\Editor\VisualScripting.Core\Dependencies\DotNetZip\Unity.VisualScripting.IonicZip.dll
Native extension for WindowsStandalone target not found
Refreshing native plugins compatible for Editor in 0.81 ms, found 4 plugins.
Preloading 0 native plugins for Editor in 0.00 ms.
Mono: successfully reloaded assembly
- Completed reload, in  4.037 seconds
Domain Reload Profiling:
	ReloadAssembly (4038ms)
		BeginReloadAssembly (162ms)
			ExecutionOrderSort (0ms)
			DisableScriptedObjects (10ms)
			BackupInstance (0ms)
			ReleaseScriptingObjects (0ms)
			CreateAndSetChildDomain (41ms)
		EndReloadAssembly (1042ms)
			LoadAssemblies (107ms)
			RebuildTransferFunctionScriptingTraits (0ms)
			SetupTypeCache (299ms)
			ReleaseScriptCaches (1ms)
			RebuildScriptCaches (55ms)
			SetupLoadedEditorAssemblies (521ms)
				LogAssemblyErrors (0ms)
				InitializePlatformSupportModulesInManaged (13ms)
				SetLoadedEditorAssemblies (1ms)
				RefreshPlugins (1ms)
				BeforeProcessingInitializeOnLoad (107ms)
				ProcessInitializeOnLoadAttributes (323ms)
				ProcessInitializeOnLoadMethodAttributes (62ms)
				AfterProcessingInitializeOnLoad (14ms)
				EditorAssembliesLoaded (0ms)
			ExecutionOrderSort2 (0ms)
			AwakeInstancesAfterBackupRestoration (15ms)
Platform modules already initialized, skipping
Refreshing native plugins compatible for Editor in 3.52 ms, found 4 plugins.
Preloading 0 native plugins for Editor in 0.00 ms.
Unloading 4070 Unused Serialized files (Serialized files now loaded: 0)
Unloading 25 unused Assets / (49.9 KB). Loaded Objects now: 4626.
Memory consumption went from 160.7 MB to 160.6 MB.
Total: 3.961500 ms (FindLiveObjects: 0.332200 ms CreateObjectMapping: 0.195900 ms MarkObjects: 3.361600 ms  DeleteObjects: 0.070400 ms)

AssetImportParameters requested are different than current active one (requested -> active):
  custom:video-decoder-ogg-theora: a1e56fd34408186e4bbccfd4996cb3dc -> 
  custom:container-muxer-webm: aa71ff27fc2769a1b78a27578f13a17b -> 
  custom:container-demuxer-webm: 4f35f7cbe854078d1ac9338744f61a02 -> 
  custom:video-encoder-webm-vp8: eb34c28f22e8b96e1ab97ce403110664 -> 
  custom:audio-encoder-webm-vorbis: bf7c407c2cedff20999df2af8eb42d56 -> 
  custom:framework-win-MediaFoundation: 216162199b28c13a410421893ffa2e32 -> 
  custom:container-demuxer-ogg: 62fdf1f143b41e24485cea50d1cbac27 -> 
  custom:video-decoder-webm-vp8: 9c59270c3fd7afecdb556c50c9e8de78 -> 
  custom:audio-decoder-ogg-vorbis: bf7c407c2cedff20999df2af8eb42d56 -> 
========================================================================
Received Prepare
Registering precompiled user dll's ...
Registered in 0.006193 seconds.
Begin MonoManager ReloadAssembly
Symbol file LoadedFromMemory doesn't match image D:\3D23SP\G313 GameProject\Library\PackageCache\com.unity.visualscripting@1.7.6\Editor\VisualScripting.Core\Dependencies\YamlDotNet\Unity.VisualScripting.YamlDotNet.dll
Symbol file LoadedFromMemory doesn't match image D:\3D23SP\G313 GameProject\Library\PackageCache\com.unity.visualscripting@1.7.6\Editor\VisualScripting.Core\Dependencies\DotNetZip\Unity.VisualScripting.IonicZip.dll
Native extension for WindowsStandalone target not found
Refreshing native plugins compatible for Editor in 0.92 ms, found 4 plugins.
Preloading 0 native plugins for Editor in 0.00 ms.
Mono: successfully reloaded assembly
- Completed reload, in  3.898 seconds
Domain Reload Profiling:
	ReloadAssembly (3899ms)
		BeginReloadAssembly (151ms)
			ExecutionOrderSort (0ms)
			DisableScriptedObjects (8ms)
			BackupInstance (0ms)
			ReleaseScriptingObjects (0ms)
			CreateAndSetChildDomain (38ms)
		EndReloadAssembly (3603ms)
			LoadAssemblies (103ms)
			RebuildTransferFunctionScriptingTraits (0ms)
			SetupTypeCache (294ms)
			ReleaseScriptCaches (2ms)
			RebuildScriptCaches (52ms)
			SetupLoadedEditorAssemblies (3107ms)
				LogAssemblyErrors (0ms)
				InitializePlatformSupportModulesInManaged (14ms)
				SetLoadedEditorAssemblies (1ms)
				RefreshPlugins (1ms)
				BeforeProcessingInitializeOnLoad (87ms)
				ProcessInitializeOnLoadAttributes (2950ms)
				ProcessInitializeOnLoadMethodAttributes (42ms)
				AfterProcessingInitializeOnLoad (12ms)
				EditorAssembliesLoaded (0ms)
			ExecutionOrderSort2 (0ms)
			AwakeInstancesAfterBackupRestoration (11ms)
Platform modules already initialized, skipping
Refreshing native plugins compatible for Editor in 2.50 ms, found 4 plugins.
Preloading 0 native plugins for Editor in 0.00 ms.
Unloading 4070 Unused Serialized files (Serialized files now loaded: 0)
Unloading 25 unused Assets / (50.0 KB). Loaded Objects now: 4629.
Memory consumption went from 160.7 MB to 160.6 MB.
Total: 4.749600 ms (FindLiveObjects: 0.323500 ms CreateObjectMapping: 0.213700 ms MarkObjects: 4.133500 ms  DeleteObjects: 0.077600 ms)

AssetImportParameters requested are different than current active one (requested -> active):
  custom:video-decoder-ogg-theora: a1e56fd34408186e4bbccfd4996cb3dc -> 
  custom:container-muxer-webm: aa71ff27fc2769a1b78a27578f13a17b -> 
  custom:container-demuxer-webm: 4f35f7cbe854078d1ac9338744f61a02 -> 
  custom:video-encoder-webm-vp8: eb34c28f22e8b96e1ab97ce403110664 -> 
  custom:audio-encoder-webm-vorbis: bf7c407c2cedff20999df2af8eb42d56 -> 
  custom:framework-win-MediaFoundation: 216162199b28c13a410421893ffa2e32 -> 
  custom:container-demuxer-ogg: 62fdf1f143b41e24485cea50d1cbac27 -> 
  custom:video-decoder-webm-vp8: 9c59270c3fd7afecdb556c50c9e8de78 -> 
  custom:audio-decoder-ogg-vorbis: bf7c407c2cedff20999df2af8eb42d56 -> 
========================================================================
Received Prepare
Registering precompiled user dll's ...
Registered in 0.008051 seconds.
Begin MonoManager ReloadAssembly
Symbol file LoadedFromMemory doesn't match image D:\3D23SP\G313 GameProject\Library\PackageCache\com.unity.visualscripting@1.7.6\Editor\VisualScripting.Core\Dependencies\YamlDotNet\Unity.VisualScripting.YamlDotNet.dll
Symbol file LoadedFromMemory doesn't match image D:\3D23SP\G313 GameProject\Library\PackageCache\com.unity.visualscripting@1.7.6\Editor\VisualScripting.Core\Dependencies\DotNetZip\Unity.VisualScripting.IonicZip.dll
Native extension for WindowsStandalone target not found
Refreshing native plugins compatible for Editor in 1.29 ms, found 4 plugins.
Preloading 0 native plugins for Editor in 0.00 ms.
Mono: successfully reloaded assembly
- Completed reload, in  4.057 seconds
Domain Reload Profiling:
	ReloadAssembly (4058ms)
		BeginReloadAssembly (149ms)
			ExecutionOrderSort (0ms)
			DisableScriptedObjects (7ms)
			BackupInstance (0ms)
			ReleaseScriptingObjects (0ms)
			CreateAndSetChildDomain (42ms)
		EndReloadAssembly (3783ms)
			LoadAssemblies (103ms)
			RebuildTransferFunctionScriptingTraits (0ms)
			SetupTypeCache (351ms)
			ReleaseScriptCaches (2ms)
			RebuildScriptCaches (68ms)
			SetupLoadedEditorAssemblies (3190ms)
				LogAssemblyErrors (0ms)
				InitializePlatformSupportModulesInManaged (21ms)
				SetLoadedEditorAssemblies (1ms)
				RefreshPlugins (1ms)
				BeforeProcessingInitializeOnLoad (126ms)
				ProcessInitializeOnLoadAttributes (2983ms)
				ProcessInitializeOnLoadMethodAttributes (46ms)
				AfterProcessingInitializeOnLoad (11ms)
				EditorAssembliesLoaded (0ms)
			ExecutionOrderSort2 (0ms)
			AwakeInstancesAfterBackupRestoration (10ms)
Platform modules already initialized, skipping
Refreshing native plugins compatible for Editor in 2.93 ms, found 4 plugins.
Preloading 0 native plugins for Editor in 0.00 ms.
Unloading 4070 Unused Serialized files (Serialized files now loaded: 0)
Unloading 25 unused Assets / (49.7 KB). Loaded Objects now: 4632.
Memory consumption went from 160.7 MB to 160.7 MB.
Total: 3.949800 ms (FindLiveObjects: 0.395400 ms CreateObjectMapping: 0.307800 ms MarkObjects: 3.161300 ms  DeleteObjects: 0.084100 ms)

AssetImportParameters requested are different than current active one (requested -> active):
  custom:video-decoder-ogg-theora: a1e56fd34408186e4bbccfd4996cb3dc -> 
  custom:container-muxer-webm: aa71ff27fc2769a1b78a27578f13a17b -> 
  custom:container-demuxer-webm: 4f35f7cbe854078d1ac9338744f61a02 -> 
  custom:video-encoder-webm-vp8: eb34c28f22e8b96e1ab97ce403110664 -> 
  custom:audio-encoder-webm-vorbis: bf7c407c2cedff20999df2af8eb42d56 -> 
  custom:framework-win-MediaFoundation: 216162199b28c13a410421893ffa2e32 -> 
  custom:container-demuxer-ogg: 62fdf1f143b41e24485cea50d1cbac27 -> 
  custom:video-decoder-webm-vp8: 9c59270c3fd7afecdb556c50c9e8de78 -> 
  custom:audio-decoder-ogg-vorbis: bf7c407c2cedff20999df2af8eb42d56 -> 
========================================================================
Received Prepare
Registering precompiled user dll's ...
Registered in 0.006741 seconds.
Begin MonoManager ReloadAssembly
Symbol file LoadedFromMemory doesn't match image D:\3D23SP\G313 GameProject\Library\PackageCache\com.unity.visualscripting@1.7.6\Editor\VisualScripting.Core\Dependencies\YamlDotNet\Unity.VisualScripting.YamlDotNet.dll
Symbol file LoadedFromMemory doesn't match image D:\3D23SP\G313 GameProject\Library\PackageCache\com.unity.visualscripting@1.7.6\Editor\VisualScripting.Core\Dependencies\DotNetZip\Unity.VisualScripting.IonicZip.dll
Native extension for WindowsStandalone target not found
Refreshing native plugins compatible for Editor in 0.81 ms, found 4 plugins.
Preloading 0 native plugins for Editor in 0.00 ms.
Mono: successfully reloaded assembly
- Completed reload, in  3.531 seconds
Domain Reload Profiling:
	ReloadAssembly (3532ms)
		BeginReloadAssembly (146ms)
			ExecutionOrderSort (0ms)
			DisableScriptedObjects (8ms)
			BackupInstance (0ms)
			ReleaseScriptingObjects (0ms)
			CreateAndSetChildDomain (37ms)
		EndReloadAssembly (3169ms)
			LoadAssemblies (106ms)
			RebuildTransferFunctionScriptingTraits (0ms)
			SetupTypeCache (389ms)
			ReleaseScriptCaches (2ms)
			RebuildScriptCaches (2185ms)
			SetupLoadedEditorAssemblies (408ms)
				LogAssemblyErrors (0ms)
				InitializePlatformSupportModulesInManaged (17ms)
				SetLoadedEditorAssemblies (0ms)
				RefreshPlugins (1ms)
				BeforeProcessingInitializeOnLoad (95ms)
				ProcessInitializeOnLoadAttributes (229ms)
				ProcessInitializeOnLoadMethodAttributes (53ms)
				AfterProcessingInitializeOnLoad (12ms)
				EditorAssembliesLoaded (0ms)
			ExecutionOrderSort2 (0ms)
			AwakeInstancesAfterBackupRestoration (16ms)
Platform modules already initialized, skipping
Refreshing native plugins compatible for Editor in 3.26 ms, found 4 plugins.
Preloading 0 native plugins for Editor in 0.00 ms.
Unloading 4070 Unused Serialized files (Serialized files now loaded: 0)
Unloading 25 unused Assets / (49.6 KB). Loaded Objects now: 4635.
Memory consumption went from 160.8 MB to 160.7 MB.
Total: 4.138900 ms (FindLiveObjects: 0.479100 ms CreateObjectMapping: 0.318900 ms MarkObjects: 3.276400 ms  DeleteObjects: 0.062900 ms)

AssetImportParameters requested are different than current active one (requested -> active):
  custom:video-decoder-ogg-theora: a1e56fd34408186e4bbccfd4996cb3dc -> 
  custom:container-muxer-webm: aa71ff27fc2769a1b78a27578f13a17b -> 
  custom:container-demuxer-webm: 4f35f7cbe854078d1ac9338744f61a02 -> 
  custom:video-encoder-webm-vp8: eb34c28f22e8b96e1ab97ce403110664 -> 
  custom:audio-encoder-webm-vorbis: bf7c407c2cedff20999df2af8eb42d56 -> 
  custom:framework-win-MediaFoundation: 216162199b28c13a410421893ffa2e32 -> 
  custom:container-demuxer-ogg: 62fdf1f143b41e24485cea50d1cbac27 -> 
  custom:video-decoder-webm-vp8: 9c59270c3fd7afecdb556c50c9e8de78 -> 
  custom:audio-decoder-ogg-vorbis: bf7c407c2cedff20999df2af8eb42d56 -> 
========================================================================
Received Import Request.
  Time since last request: 769.720621 seconds.
  path: Assets/Scenes/Dining.unity
  artifactKey: Guid(569e83a92a45f024695b7239c8b8d690) Importer(815301076,1909f56bfc062723c751e8b465ee728b)
Start importing Assets/Scenes/Dining.unity using Guid(569e83a92a45f024695b7239c8b8d690) Importer(815301076,1909f56bfc062723c751e8b465ee728b)  -> (artifact id: 'a3cda29bbf38cf0cfdf434f8b65d2bd4') in 0.012969 seconds 
========================================================================
Received Import Request.
  Time since last request: 142.499033 seconds.
  path: Assets/Sprites/MapTip/Object.png
  artifactKey: Guid(cb0cc8c19138ff2429552e4b431f45d5) Importer(815301076,1909f56bfc062723c751e8b465ee728b)
Start importing Assets/Sprites/MapTip/Object.png using Guid(cb0cc8c19138ff2429552e4b431f45d5) Importer(815301076,1909f56bfc062723c751e8b465ee728b)  -> (artifact id: '19623ed5b89ae48f073b2706317cf1ab') in 0.875681 seconds 
========================================================================
Received Import Request.
  Time since last request: 43.574921 seconds.
  path: Assets/Sprites/MapTip/Star.png
  artifactKey: Guid(761bc28af27528442a4e35f4fe1e0901) Importer(815301076,1909f56bfc062723c751e8b465ee728b)
Start importing Assets/Sprites/MapTip/Star.png using Guid(761bc28af27528442a4e35f4fe1e0901) Importer(815301076,1909f56bfc062723c751e8b465ee728b)  -> (artifact id: '2ebcfcf32cc6711d209f0141cbb89b83') in 0.043919 seconds 
========================================================================
Received Import Request.
  Time since last request: 78.483626 seconds.
  path: Assets/Sprites/MapTip/Object.png
  artifactKey: Guid(cb0cc8c19138ff2429552e4b431f45d5) Importer(815301076,1909f56bfc062723c751e8b465ee728b)
Start importing Assets/Sprites/MapTip/Object.png using Guid(cb0cc8c19138ff2429552e4b431f45d5) Importer(815301076,1909f56bfc062723c751e8b465ee728b)  -> (artifact id: '9cfbea189a43e13d6bbbaeba64d1e896') in 0.802673 seconds 
========================================================================
Received Import Request.
  Time since last request: 140.499238 seconds.
  path: Assets/Sprites/MapTip/Floor.png
  artifactKey: Guid(2e203a5e05a7e9b4e9c3ff352ab52074) Importer(815301076,1909f56bfc062723c751e8b465ee728b)
Start importing Assets/Sprites/MapTip/Floor.png using Guid(2e203a5e05a7e9b4e9c3ff352ab52074) Importer(815301076,1909f56bfc062723c751e8b465ee728b)  -> (artifact id: 'cab42fe8d50da9c3c9583357cd0dac4a') in 0.123572 seconds 
========================================================================
Received Import Request.
  Time since last request: 65.848053 seconds.
  path: Assets/Scenes/Dining 1.unity
  artifactKey: Guid(ea5326921dfc09f4bb86a8f362f8a24c) Importer(815301076,1909f56bfc062723c751e8b465ee728b)
Start importing Assets/Scenes/Dining 1.unity using Guid(ea5326921dfc09f4bb86a8f362f8a24c) Importer(815301076,1909f56bfc062723c751e8b465ee728b)  -> (artifact id: 'c780afec1380cab0ac21824f25738c7a') in 0.001693 seconds 
========================================================================
Received Import Request.
  Time since last request: 892.509606 seconds.
  path: Assets/Sprites/MapTip/Object.png
  artifactKey: Guid(cb0cc8c19138ff2429552e4b431f45d5) Importer(815301076,1909f56bfc062723c751e8b465ee728b)
Start importing Assets/Sprites/MapTip/Object.png using Guid(cb0cc8c19138ff2429552e4b431f45d5) Importer(815301076,1909f56bfc062723c751e8b465ee728b)  -> (artifact id: '243acf50fedf920dae7ea49ea5c1ad05') in 0.814598 seconds 
========================================================================
Received Import Request.
  Time since last request: 157.840093 seconds.
  path: Assets/Sprites/MapTip/Object.png
  artifactKey: Guid(cb0cc8c19138ff2429552e4b431f45d5) Importer(815301076,1909f56bfc062723c751e8b465ee728b)
Start importing Assets/Sprites/MapTip/Object.png using Guid(cb0cc8c19138ff2429552e4b431f45d5) Importer(815301076,1909f56bfc062723c751e8b465ee728b)  -> (artifact id: '4512c7d0941be36e25ac51f4734ab697') in 0.818285 seconds 
========================================================================
Received Import Request.
  Time since last request: 383.739238 seconds.
  path: Assets/Sprites/MapTip/Object.png
  artifactKey: Guid(cb0cc8c19138ff2429552e4b431f45d5) Importer(815301076,1909f56bfc062723c751e8b465ee728b)
Start importing Assets/Sprites/MapTip/Object.png using Guid(cb0cc8c19138ff2429552e4b431f45d5) Importer(815301076,1909f56bfc062723c751e8b465ee728b)  -> (artifact id: '8efd3d992282d5132d986f77e9054131') in 0.800052 seconds 
